{"/Users/alvaaxelsson/project/League-of-legends-2/graphics/lib/list.ts": {"path":"/Users/alvaaxelsson/project/League-of-legends-2/graphics/lib/list.ts","statementMap":{"0":{"start":{"line":27,"column":0},"end":{"line":27,"column":16}},"1":{"start":{"line":37,"column":0},"end":{"line":37,"column":16}},"2":{"start":{"line":47,"column":0},"end":{"line":47,"column":16}},"3":{"start":{"line":57,"column":0},"end":{"line":57,"column":16}},"4":{"start":{"line":69,"column":0},"end":{"line":69,"column":16}},"5":{"start":{"line":95,"column":0},"end":{"line":95,"column":16}},"6":{"start":{"line":117,"column":0},"end":{"line":117,"column":16}},"7":{"start":{"line":134,"column":0},"end":{"line":134,"column":16}},"8":{"start":{"line":152,"column":0},"end":{"line":152,"column":16}},"9":{"start":{"line":171,"column":0},"end":{"line":171,"column":16}},"10":{"start":{"line":186,"column":0},"end":{"line":186,"column":16}},"11":{"start":{"line":204,"column":0},"end":{"line":204,"column":16}},"12":{"start":{"line":224,"column":0},"end":{"line":224,"column":16}},"13":{"start":{"line":242,"column":0},"end":{"line":242,"column":16}},"14":{"start":{"line":265,"column":0},"end":{"line":265,"column":16}},"15":{"start":{"line":289,"column":0},"end":{"line":289,"column":16}},"16":{"start":{"line":309,"column":0},"end":{"line":309,"column":16}},"17":{"start":{"line":321,"column":0},"end":{"line":321,"column":16}},"18":{"start":{"line":342,"column":0},"end":{"line":342,"column":16}},"19":{"start":{"line":364,"column":0},"end":{"line":364,"column":16}},"20":{"start":{"line":391,"column":0},"end":{"line":391,"column":16}},"21":{"start":{"line":406,"column":0},"end":{"line":406,"column":16}},"22":{"start":{"line":28,"column":4},"end":{"line":28,"column":20}},"23":{"start":{"line":38,"column":4},"end":{"line":38,"column":16}},"24":{"start":{"line":48,"column":4},"end":{"line":48,"column":16}},"25":{"start":{"line":58,"column":4},"end":{"line":58,"column":22}},"26":{"start":{"line":70,"column":23},"end":{"line":70,"column":27}},"27":{"start":{"line":71,"column":4},"end":{"line":73,"column":5}},"28":{"start":{"line":71,"column":17},"end":{"line":71,"column":36}},"29":{"start":{"line":72,"column":8},"end":{"line":72,"column":37}},"30":{"start":{"line":74,"column":4},"end":{"line":74,"column":15}},"31":{"start":{"line":85,"column":4},"end":{"line":85,"column":16}},"32":{"start":{"line":97,"column":19},"end":{"line":97,"column":26}},"33":{"start":{"line":98,"column":8},"end":{"line":100,"column":44}},"34":{"start":{"line":102,"column":4},"end":{"line":106,"column":5}},"35":{"start":{"line":103,"column":8},"end":{"line":103,"column":24}},"36":{"start":{"line":105,"column":8},"end":{"line":105,"column":41}},"37":{"start":{"line":119,"column":8},"end":{"line":119,"column":62}},"38":{"start":{"line":121,"column":4},"end":{"line":121,"column":26}},"39":{"start":{"line":136,"column":8},"end":{"line":138,"column":59}},"40":{"start":{"line":140,"column":4},"end":{"line":140,"column":29}},"41":{"start":{"line":155,"column":8},"end":{"line":157,"column":70}},"42":{"start":{"line":159,"column":4},"end":{"line":159,"column":41}},"43":{"start":{"line":172,"column":4},"end":{"line":175,"column":5}},"44":{"start":{"line":173,"column":8},"end":{"line":173,"column":22}},"45":{"start":{"line":174,"column":8},"end":{"line":174,"column":22}},"46":{"start":{"line":188,"column":8},"end":{"line":190,"column":74}},"47":{"start":{"line":192,"column":4},"end":{"line":192,"column":30}},"48":{"start":{"line":207,"column":8},"end":{"line":209,"column":71}},"49":{"start":{"line":209,"column":45},"end":{"line":209,"column":69}},"50":{"start":{"line":211,"column":2},"end":{"line":211,"column":35}},"51":{"start":{"line":211,"column":31},"end":{"line":211,"column":33}},"52":{"start":{"line":225,"column":4},"end":{"line":229,"column":36}},"53":{"start":{"line":245,"column":20},"end":{"line":245,"column":26}},"54":{"start":{"line":246,"column":20},"end":{"line":246,"column":27}},"55":{"start":{"line":247,"column":8},"end":{"line":251,"column":59}},"56":{"start":{"line":253,"column":4},"end":{"line":253,"column":35}},"57":{"start":{"line":268,"column":20},"end":{"line":268,"column":26}},"58":{"start":{"line":269,"column":20},"end":{"line":269,"column":27}},"59":{"start":{"line":270,"column":8},"end":{"line":274,"column":63}},"60":{"start":{"line":276,"column":4},"end":{"line":276,"column":36}},"61":{"start":{"line":292,"column":8},"end":{"line":296,"column":46}},"62":{"start":{"line":298,"column":4},"end":{"line":298,"column":35}},"63":{"start":{"line":310,"column":4},"end":{"line":310,"column":70}},"64":{"start":{"line":324,"column":20},"end":{"line":324,"column":27}},"65":{"start":{"line":325,"column":8},"end":{"line":327,"column":62}},"66":{"start":{"line":329,"column":4},"end":{"line":329,"column":40}},"67":{"start":{"line":343,"column":4},"end":{"line":347,"column":39}},"68":{"start":{"line":369,"column":8},"end":{"line":371,"column":80}},"69":{"start":{"line":371,"column":57},"end":{"line":371,"column":78}},"70":{"start":{"line":373,"column":4},"end":{"line":373,"column":48}},"71":{"start":{"line":373,"column":45},"end":{"line":373,"column":46}},"72":{"start":{"line":394,"column":4},"end":{"line":396,"column":58}},"73":{"start":{"line":407,"column":4},"end":{"line":407,"column":52}}},"fnMap":{"0":{"name":"pair","decl":{"start":{"line":27,"column":16},"end":{"line":27,"column":20}},"loc":{"start":{"line":27,"column":39},"end":{"line":29,"column":1}}},"1":{"name":"head","decl":{"start":{"line":37,"column":16},"end":{"line":37,"column":20}},"loc":{"start":{"line":37,"column":40},"end":{"line":39,"column":1}}},"2":{"name":"tail","decl":{"start":{"line":47,"column":16},"end":{"line":47,"column":20}},"loc":{"start":{"line":47,"column":40},"end":{"line":49,"column":1}}},"3":{"name":"is_null","decl":{"start":{"line":57,"column":16},"end":{"line":57,"column":23}},"loc":{"start":{"line":57,"column":30},"end":{"line":59,"column":1}}},"4":{"name":"list","decl":{"start":{"line":69,"column":16},"end":{"line":69,"column":20}},"loc":{"start":{"line":69,"column":45},"end":{"line":75,"column":1}}},"5":{"name":"empty_list","decl":{"start":{"line":84,"column":9},"end":{"line":84,"column":19}},"loc":{"start":{"line":84,"column":19},"end":{"line":86,"column":1}}},"6":{"name":"to_string","decl":{"start":{"line":95,"column":16},"end":{"line":95,"column":25}},"loc":{"start":{"line":95,"column":40},"end":{"line":107,"column":1}}},"7":{"name":"print","decl":{"start":{"line":96,"column":13},"end":{"line":96,"column":18}},"loc":{"start":{"line":96,"column":38},"end":{"line":101,"column":5}}},"8":{"name":"length","decl":{"start":{"line":117,"column":16},"end":{"line":117,"column":22}},"loc":{"start":{"line":117,"column":37},"end":{"line":122,"column":1}}},"9":{"name":"$length","decl":{"start":{"line":118,"column":13},"end":{"line":118,"column":20}},"loc":{"start":{"line":118,"column":48},"end":{"line":120,"column":5}}},"10":{"name":"map","decl":{"start":{"line":134,"column":16},"end":{"line":134,"column":19}},"loc":{"start":{"line":134,"column":53},"end":{"line":141,"column":1}}},"11":{"name":"$map","decl":{"start":{"line":135,"column":13},"end":{"line":135,"column":17}},"loc":{"start":{"line":135,"column":65},"end":{"line":139,"column":5}}},"12":{"name":"build_list","decl":{"start":{"line":152,"column":16},"end":{"line":152,"column":26}},"loc":{"start":{"line":152,"column":62},"end":{"line":160,"column":1}}},"13":{"name":"$build_list","decl":{"start":{"line":153,"column":13},"end":{"line":153,"column":24}},"loc":{"start":{"line":154,"column":50},"end":{"line":158,"column":5}}},"14":{"name":"for_each","decl":{"start":{"line":171,"column":16},"end":{"line":171,"column":24}},"loc":{"start":{"line":171,"column":62},"end":{"line":176,"column":1}}},"15":{"name":"reverse","decl":{"start":{"line":186,"column":16},"end":{"line":186,"column":23}},"loc":{"start":{"line":186,"column":38},"end":{"line":193,"column":1}}},"16":{"name":"$reverse","decl":{"start":{"line":187,"column":13},"end":{"line":187,"column":21}},"loc":{"start":{"line":187,"column":61},"end":{"line":191,"column":5}}},"17":{"name":"append","decl":{"start":{"line":204,"column":16},"end":{"line":204,"column":22}},"loc":{"start":{"line":204,"column":50},"end":{"line":212,"column":1}}},"18":{"name":"$append","decl":{"start":{"line":205,"column":13},"end":{"line":205,"column":20}},"loc":{"start":{"line":206,"column":54},"end":{"line":210,"column":5}}},"19":{"name":"(anonymous_19)","decl":{"start":{"line":209,"column":39},"end":{"line":209,"column":41}},"loc":{"start":{"line":209,"column":45},"end":{"line":209,"column":69}}},"20":{"name":"(anonymous_20)","decl":{"start":{"line":211,"column":25},"end":{"line":211,"column":27}},"loc":{"start":{"line":211,"column":31},"end":{"line":211,"column":33}}},"21":{"name":"member","decl":{"start":{"line":224,"column":16},"end":{"line":224,"column":22}},"loc":{"start":{"line":224,"column":46},"end":{"line":230,"column":1}}},"22":{"name":"remove","decl":{"start":{"line":242,"column":16},"end":{"line":242,"column":22}},"loc":{"start":{"line":242,"column":46},"end":{"line":254,"column":1}}},"23":{"name":"$remove","decl":{"start":{"line":243,"column":13},"end":{"line":243,"column":20}},"loc":{"start":{"line":243,"column":55},"end":{"line":252,"column":5}}},"24":{"name":"remove_all","decl":{"start":{"line":265,"column":16},"end":{"line":265,"column":26}},"loc":{"start":{"line":265,"column":47},"end":{"line":277,"column":1}}},"25":{"name":"$remove_all","decl":{"start":{"line":266,"column":13},"end":{"line":266,"column":24}},"loc":{"start":{"line":266,"column":59},"end":{"line":275,"column":5}}},"26":{"name":"filter","decl":{"start":{"line":289,"column":16},"end":{"line":289,"column":22}},"loc":{"start":{"line":289,"column":64},"end":{"line":299,"column":1}}},"27":{"name":"$filter","decl":{"start":{"line":290,"column":13},"end":{"line":290,"column":20}},"loc":{"start":{"line":291,"column":36},"end":{"line":297,"column":5}}},"28":{"name":"all","decl":{"start":{"line":309,"column":16},"end":{"line":309,"column":19}},"loc":{"start":{"line":309,"column":61},"end":{"line":311,"column":1}}},"29":{"name":"enum_list","decl":{"start":{"line":321,"column":16},"end":{"line":321,"column":25}},"loc":{"start":{"line":321,"column":52},"end":{"line":330,"column":1}}},"30":{"name":"$enum_list","decl":{"start":{"line":322,"column":13},"end":{"line":322,"column":23}},"loc":{"start":{"line":322,"column":69},"end":{"line":328,"column":5}}},"31":{"name":"list_ref","decl":{"start":{"line":342,"column":16},"end":{"line":342,"column":24}},"loc":{"start":{"line":342,"column":50},"end":{"line":348,"column":1}}},"32":{"name":"accumulate","decl":{"start":{"line":364,"column":16},"end":{"line":364,"column":26}},"loc":{"start":{"line":365,"column":56},"end":{"line":374,"column":1}}},"33":{"name":"$accumulate","decl":{"start":{"line":366,"column":13},"end":{"line":366,"column":24}},"loc":{"start":{"line":368,"column":50},"end":{"line":372,"column":5}}},"34":{"name":"(anonymous_34)","decl":{"start":{"line":371,"column":52},"end":{"line":371,"column":53}},"loc":{"start":{"line":371,"column":57},"end":{"line":371,"column":78}}},"35":{"name":"(anonymous_35)","decl":{"start":{"line":373,"column":40},"end":{"line":373,"column":41}},"loc":{"start":{"line":373,"column":45},"end":{"line":373,"column":46}}},"36":{"name":"fold_left","decl":{"start":{"line":391,"column":16},"end":{"line":391,"column":25}},"loc":{"start":{"line":393,"column":43},"end":{"line":397,"column":1}}},"37":{"name":"flatten","decl":{"start":{"line":406,"column":16},"end":{"line":406,"column":23}},"loc":{"start":{"line":406,"column":45},"end":{"line":408,"column":1}}}},"branchMap":{"0":{"loc":{"start":{"line":98,"column":15},"end":{"line":100,"column":43}},"type":"cond-expr","locations":[{"start":{"line":99,"column":17},"end":{"line":99,"column":29}},{"start":{"line":100,"column":17},"end":{"line":100,"column":43}}]},"1":{"loc":{"start":{"line":102,"column":4},"end":{"line":106,"column":5}},"type":"if","locations":[{"start":{"line":102,"column":4},"end":{"line":106,"column":5}},{"start":{"line":104,"column":11},"end":{"line":106,"column":5}}]},"2":{"loc":{"start":{"line":119,"column":15},"end":{"line":119,"column":61}},"type":"cond-expr","locations":[{"start":{"line":119,"column":29},"end":{"line":119,"column":32}},{"start":{"line":119,"column":35},"end":{"line":119,"column":61}}]},"3":{"loc":{"start":{"line":136,"column":15},"end":{"line":138,"column":58}},"type":"cond-expr","locations":[{"start":{"line":137,"column":17},"end":{"line":137,"column":29}},{"start":{"line":138,"column":17},"end":{"line":138,"column":58}}]},"4":{"loc":{"start":{"line":155,"column":15},"end":{"line":157,"column":69}},"type":"cond-expr","locations":[{"start":{"line":156,"column":17},"end":{"line":156,"column":30}},{"start":{"line":157,"column":17},"end":{"line":157,"column":69}}]},"5":{"loc":{"start":{"line":188,"column":15},"end":{"line":190,"column":73}},"type":"cond-expr","locations":[{"start":{"line":189,"column":17},"end":{"line":189,"column":25}},{"start":{"line":190,"column":17},"end":{"line":190,"column":73}}]},"6":{"loc":{"start":{"line":207,"column":15},"end":{"line":209,"column":70}},"type":"cond-expr","locations":[{"start":{"line":208,"column":17},"end":{"line":208,"column":25}},{"start":{"line":209,"column":17},"end":{"line":209,"column":70}}]},"7":{"loc":{"start":{"line":225,"column":11},"end":{"line":229,"column":35}},"type":"cond-expr","locations":[{"start":{"line":226,"column":13},"end":{"line":226,"column":17}},{"start":{"line":227,"column":13},"end":{"line":229,"column":35}}]},"8":{"loc":{"start":{"line":227,"column":13},"end":{"line":229,"column":35}},"type":"cond-expr","locations":[{"start":{"line":228,"column":13},"end":{"line":228,"column":15}},{"start":{"line":229,"column":13},"end":{"line":229,"column":35}}]},"9":{"loc":{"start":{"line":247,"column":15},"end":{"line":251,"column":58}},"type":"cond-expr","locations":[{"start":{"line":248,"column":17},"end":{"line":248,"column":34}},{"start":{"line":249,"column":17},"end":{"line":251,"column":58}}]},"10":{"loc":{"start":{"line":249,"column":17},"end":{"line":251,"column":58}},"type":"cond-expr","locations":[{"start":{"line":250,"column":17},"end":{"line":250,"column":40}},{"start":{"line":251,"column":17},"end":{"line":251,"column":58}}]},"11":{"loc":{"start":{"line":270,"column":15},"end":{"line":274,"column":62}},"type":"cond-expr","locations":[{"start":{"line":271,"column":17},"end":{"line":271,"column":34}},{"start":{"line":272,"column":17},"end":{"line":274,"column":62}}]},"12":{"loc":{"start":{"line":272,"column":17},"end":{"line":274,"column":62}},"type":"cond-expr","locations":[{"start":{"line":273,"column":17},"end":{"line":273,"column":46}},{"start":{"line":274,"column":17},"end":{"line":274,"column":62}}]},"13":{"loc":{"start":{"line":292,"column":15},"end":{"line":296,"column":45}},"type":"cond-expr","locations":[{"start":{"line":293,"column":17},"end":{"line":293,"column":29}},{"start":{"line":294,"column":17},"end":{"line":296,"column":45}}]},"14":{"loc":{"start":{"line":294,"column":17},"end":{"line":296,"column":45}},"type":"cond-expr","locations":[{"start":{"line":295,"column":17},"end":{"line":295,"column":61}},{"start":{"line":296,"column":17},"end":{"line":296,"column":45}}]},"15":{"loc":{"start":{"line":310,"column":11},"end":{"line":310,"column":69}},"type":"cond-expr","locations":[{"start":{"line":310,"column":25},"end":{"line":310,"column":29}},{"start":{"line":310,"column":32},"end":{"line":310,"column":69}}]},"16":{"loc":{"start":{"line":310,"column":32},"end":{"line":310,"column":69}},"type":"binary-expr","locations":[{"start":{"line":310,"column":32},"end":{"line":310,"column":46}},{"start":{"line":310,"column":50},"end":{"line":310,"column":69}}]},"17":{"loc":{"start":{"line":325,"column":15},"end":{"line":327,"column":61}},"type":"cond-expr","locations":[{"start":{"line":326,"column":17},"end":{"line":326,"column":25}},{"start":{"line":327,"column":17},"end":{"line":327,"column":61}}]},"18":{"loc":{"start":{"line":343,"column":11},"end":{"line":347,"column":38}},"type":"cond-expr","locations":[{"start":{"line":344,"column":17},"end":{"line":344,"column":26}},{"start":{"line":345,"column":13},"end":{"line":347,"column":38}}]},"19":{"loc":{"start":{"line":345,"column":13},"end":{"line":347,"column":38}},"type":"cond-expr","locations":[{"start":{"line":346,"column":17},"end":{"line":346,"column":25}},{"start":{"line":347,"column":13},"end":{"line":347,"column":38}}]},"20":{"loc":{"start":{"line":369,"column":15},"end":{"line":371,"column":79}},"type":"cond-expr","locations":[{"start":{"line":370,"column":17},"end":{"line":370,"column":30}},{"start":{"line":371,"column":17},"end":{"line":371,"column":79}}]},"21":{"loc":{"start":{"line":394,"column":11},"end":{"line":396,"column":57}},"type":"cond-expr","locations":[{"start":{"line":395,"column":13},"end":{"line":395,"column":20}},{"start":{"line":396,"column":13},"end":{"line":396,"column":57}}]}},"s":{"0":1,"1":1,"2":1,"3":1,"4":1,"5":1,"6":1,"7":1,"8":1,"9":1,"10":1,"11":1,"12":1,"13":1,"14":1,"15":1,"16":1,"17":1,"18":1,"19":1,"20":1,"21":1,"22":38,"23":13,"24":8,"25":21,"26":21,"27":21,"28":21,"29":38,"30":21,"31":0,"32":0,"33":0,"34":0,"35":0,"36":0,"37":0,"38":0,"39":0,"40":0,"41":0,"42":0,"43":0,"44":0,"45":0,"46":0,"47":0,"48":0,"49":0,"50":0,"51":0,"52":0,"53":0,"54":0,"55":0,"56":0,"57":0,"58":0,"59":0,"60":0,"61":0,"62":0,"63":0,"64":0,"65":0,"66":0,"67":21,"68":0,"69":0,"70":0,"71":0,"72":0,"73":0},"f":{"0":38,"1":13,"2":8,"3":21,"4":21,"5":0,"6":0,"7":0,"8":0,"9":0,"10":0,"11":0,"12":0,"13":0,"14":0,"15":0,"16":0,"17":0,"18":0,"19":0,"20":0,"21":0,"22":0,"23":0,"24":0,"25":0,"26":0,"27":0,"28":0,"29":0,"30":0,"31":21,"32":0,"33":0,"34":0,"35":0,"36":0,"37":0},"b":{"0":[0,0],"1":[0,0],"2":[0,0],"3":[0,0],"4":[0,0],"5":[0,0],"6":[0,0],"7":[0,0],"8":[0,0],"9":[0,0],"10":[0,0],"11":[0,0],"12":[0,0],"13":[0,0],"14":[0,0],"15":[0,0],"16":[0,0],"17":[0,0],"18":[0,21],"19":[13,8],"20":[0,0],"21":[0,0]}}
,"/Users/alvaaxelsson/project/League-of-legends-2/graphics/src/App.vue": {"path":"/Users/alvaaxelsson/project/League-of-legends-2/graphics/src/App.vue","statementMap":{"0":{"start":{"line":4,"column":0},"end":{"line":6,"column":3}},"1":{"start":{"line":7,"column":0},"end":{"line":7,"column":25}},"2":{"start":{"line":24,"column":15},"end":{"line":308,"column":1}},"3":{"start":{"line":29,"column":4},"end":{"line":29,"column":15}},"4":{"start":{"line":32,"column":4},"end":{"line":34,"column":13}},"5":{"start":{"line":37,"column":4},"end":{"line":41,"column":14}},"6":{"start":{"line":44,"column":4},"end":{"line":48,"column":15}},"7":{"start":{"line":51,"column":4},"end":{"line":55,"column":11}},"8":{"start":{"line":58,"column":4},"end":{"line":62,"column":12}},"9":{"start":{"line":65,"column":4},"end":{"line":69,"column":11}},"10":{"start":{"line":70,"column":29},"end":{"line":70,"column":33}},"11":{"start":{"line":73,"column":22},"end":{"line":85,"column":5}},"12":{"start":{"line":84,"column":6},"end":{"line":84,"column":25}},"13":{"start":{"line":90,"column":4},"end":{"line":105,"column":6}},"14":{"start":{"line":96,"column":6},"end":{"line":96,"column":72}},"15":{"start":{"line":97,"column":6},"end":{"line":104,"column":8}},"16":{"start":{"line":108,"column":22},"end":{"line":111,"column":5}},"17":{"start":{"line":109,"column":6},"end":{"line":109,"column":28}},"18":{"start":{"line":110,"column":6},"end":{"line":110,"column":30}},"19":{"start":{"line":114,"column":21},"end":{"line":119,"column":5}},"20":{"start":{"line":115,"column":6},"end":{"line":115,"column":31}},"21":{"start":{"line":116,"column":6},"end":{"line":116,"column":28}},"22":{"start":{"line":117,"column":6},"end":{"line":117,"column":27}},"23":{"start":{"line":118,"column":6},"end":{"line":118,"column":32}},"24":{"start":{"line":122,"column":23},"end":{"line":142,"column":5}},"25":{"start":{"line":135,"column":6},"end":{"line":139,"column":57}},"26":{"start":{"line":140,"column":6},"end":{"line":140,"column":42}},"27":{"start":{"line":141,"column":6},"end":{"line":141,"column":27}},"28":{"start":{"line":145,"column":23},"end":{"line":195,"column":5}},"29":{"start":{"line":146,"column":6},"end":{"line":149,"column":7}},"30":{"start":{"line":147,"column":8},"end":{"line":147,"column":42}},"31":{"start":{"line":148,"column":8},"end":{"line":148,"column":34}},"32":{"start":{"line":160,"column":6},"end":{"line":163,"column":7}},"33":{"start":{"line":161,"column":8},"end":{"line":161,"column":34}},"34":{"start":{"line":162,"column":8},"end":{"line":162,"column":15}},"35":{"start":{"line":164,"column":6},"end":{"line":164,"column":32}},"36":{"start":{"line":165,"column":14},"end":{"line":165,"column":15}},"37":{"start":{"line":176,"column":6},"end":{"line":194,"column":13}},"38":{"start":{"line":177,"column":8},"end":{"line":193,"column":9}},"39":{"start":{"line":178,"column":10},"end":{"line":178,"column":49}},"40":{"start":{"line":179,"column":10},"end":{"line":179,"column":14}},"41":{"start":{"line":181,"column":10},"end":{"line":181,"column":44}},"42":{"start":{"line":182,"column":10},"end":{"line":182,"column":36}},"43":{"start":{"line":232,"column":25},"end":{"line":301,"column":5}},"44":{"start":{"line":240,"column":8},"end":{"line":240,"column":34}},"45":{"start":{"line":243,"column":8},"end":{"line":243,"column":31}},"46":{"start":{"line":267,"column":8},"end":{"line":269,"column":23}},"47":{"start":{"line":272,"column":8},"end":{"line":274,"column":24}},"48":{"start":{"line":277,"column":8},"end":{"line":279,"column":18}},"49":{"start":{"line":282,"column":8},"end":{"line":284,"column":20}},"50":{"start":{"line":287,"column":8},"end":{"line":289,"column":18}},"51":{"start":{"line":292,"column":8},"end":{"line":294,"column":17}},"52":{"start":{"line":302,"column":4},"end":{"line":305,"column":7}},"53":{"start":{"line":306,"column":4},"end":{"line":306,"column":24}},"54":{"start":{"line":311,"column":0},"end":{"line":313,"column":3}},"55":{"start":{"line":314,"column":0},"end":{"line":314,"column":24}},"56":{"start":{"line":315,"column":11},"end":{"line":315,"column":25}},"57":{"start":{"line":316,"column":33},"end":{"line":316,"column":143}},"58":{"start":{"line":317,"column":32},"end":{"line":317,"column":188}},"59":{"start":{"line":318,"column":45},"end":{"line":318,"column":376}},"60":{"start":{"line":318,"column":54},"end":{"line":318,"column":111}},"61":{"start":{"line":318,"column":80},"end":{"line":318,"column":111}},"62":{"start":{"line":318,"column":120},"end":{"line":318,"column":152}},"63":{"start":{"line":318,"column":154},"end":{"line":318,"column":374}},"64":{"start":{"line":319,"column":31},"end":{"line":319,"column":143}},"65":{"start":{"line":319,"column":122},"end":{"line":319,"column":143}},"66":{"start":{"line":320,"column":33},"end":{"line":320,"column":83}},"67":{"start":{"line":320,"column":55},"end":{"line":320,"column":83}},"68":{"start":{"line":321,"column":35},"end":{"line":321,"column":81}},"69":{"start":{"line":321,"column":82},"end":{"line":321,"column":136}},"70":{"start":{"line":321,"column":95},"end":{"line":321,"column":96}},"71":{"start":{"line":321,"column":102},"end":{"line":321,"column":110}},"72":{"start":{"line":321,"column":124},"end":{"line":321,"column":136}},"73":{"start":{"line":321,"column":137},"end":{"line":321,"column":146}},"74":{"start":{"line":322,"column":17},"end":{"line":325,"column":1}},"75":{"start":{"line":326,"column":17},"end":{"line":329,"column":1}},"76":{"start":{"line":330,"column":17},"end":{"line":332,"column":1}},"77":{"start":{"line":333,"column":17},"end":{"line":336,"column":1}},"78":{"start":{"line":337,"column":17},"end":{"line":340,"column":1}},"79":{"start":{"line":341,"column":17},"end":{"line":343,"column":1}},"80":{"start":{"line":344,"column":17},"end":{"line":346,"column":1}},"81":{"start":{"line":347,"column":17},"end":{"line":350,"column":1}},"82":{"start":{"line":351,"column":17},"end":{"line":353,"column":1}},"83":{"start":{"line":354,"column":18},"end":{"line":357,"column":1}},"84":{"start":{"line":358,"column":18},"end":{"line":361,"column":1}},"85":{"start":{"line":364,"column":2},"end":{"line":404,"column":35}},"86":{"start":{"line":373,"column":6},"end":{"line":373,"column":123}},"87":{"start":{"line":380,"column":6},"end":{"line":380,"column":113}},"88":{"start":{"line":384,"column":4},"end":{"line":396,"column":55}},"89":{"start":{"line":389,"column":8},"end":{"line":389,"column":36}},"90":{"start":{"line":393,"column":8},"end":{"line":393,"column":92}},"91":{"start":{"line":401,"column":6},"end":{"line":401,"column":122}},"92":{"start":{"line":405,"column":2},"end":{"line":405,"column":49}}},"fnMap":{"0":{"name":"(anonymous_0)","decl":{"start":{"line":26,"column":2},"end":{"line":26,"column":3}},"loc":{"start":{"line":28,"column":5},"end":{"line":307,"column":3}},"line":28},"1":{"name":"(anonymous_1)","decl":{"start":{"line":73,"column":22},"end":{"line":73,"column":23}},"loc":{"start":{"line":73,"column":28},"end":{"line":85,"column":5}},"line":73},"2":{"name":"(anonymous_2)","decl":{"start":{"line":94,"column":14},"end":{"line":94,"column":15}},"loc":{"start":{"line":94,"column":20},"end":{"line":105,"column":5}},"line":94},"3":{"name":"(anonymous_3)","decl":{"start":{"line":108,"column":22},"end":{"line":108,"column":23}},"loc":{"start":{"line":108,"column":28},"end":{"line":111,"column":5}},"line":108},"4":{"name":"(anonymous_4)","decl":{"start":{"line":114,"column":21},"end":{"line":114,"column":22}},"loc":{"start":{"line":114,"column":27},"end":{"line":119,"column":5}},"line":114},"5":{"name":"(anonymous_5)","decl":{"start":{"line":122,"column":23},"end":{"line":122,"column":24}},"loc":{"start":{"line":122,"column":32},"end":{"line":142,"column":5}},"line":122},"6":{"name":"(anonymous_6)","decl":{"start":{"line":145,"column":23},"end":{"line":145,"column":24}},"loc":{"start":{"line":145,"column":31},"end":{"line":195,"column":5}},"line":145},"7":{"name":"(anonymous_7)","decl":{"start":{"line":176,"column":39},"end":{"line":176,"column":40}},"loc":{"start":{"line":176,"column":45},"end":{"line":194,"column":7}},"line":176},"8":{"name":"(anonymous_8)","decl":{"start":{"line":239,"column":6},"end":{"line":239,"column":7}},"loc":{"start":{"line":239,"column":31},"end":{"line":241,"column":7}},"line":239},"9":{"name":"(anonymous_9)","decl":{"start":{"line":242,"column":6},"end":{"line":242,"column":7}},"loc":{"start":{"line":242,"column":32},"end":{"line":244,"column":7}},"line":242},"10":{"name":"(anonymous_10)","decl":{"start":{"line":266,"column":6},"end":{"line":266,"column":7}},"loc":{"start":{"line":266,"column":27},"end":{"line":270,"column":7}},"line":266},"11":{"name":"(anonymous_11)","decl":{"start":{"line":271,"column":6},"end":{"line":271,"column":7}},"loc":{"start":{"line":271,"column":28},"end":{"line":275,"column":7}},"line":271},"12":{"name":"(anonymous_12)","decl":{"start":{"line":276,"column":6},"end":{"line":276,"column":7}},"loc":{"start":{"line":276,"column":22},"end":{"line":280,"column":7}},"line":276},"13":{"name":"(anonymous_13)","decl":{"start":{"line":281,"column":6},"end":{"line":281,"column":7}},"loc":{"start":{"line":281,"column":24},"end":{"line":285,"column":7}},"line":281},"14":{"name":"(anonymous_14)","decl":{"start":{"line":286,"column":6},"end":{"line":286,"column":7}},"loc":{"start":{"line":286,"column":22},"end":{"line":290,"column":7}},"line":286},"15":{"name":"(anonymous_15)","decl":{"start":{"line":291,"column":6},"end":{"line":291,"column":7}},"loc":{"start":{"line":291,"column":21},"end":{"line":295,"column":7}},"line":291},"16":{"name":"_toConsumableArray","decl":{"start":{"line":316,"column":9},"end":{"line":316,"column":27}},"loc":{"start":{"line":316,"column":31},"end":{"line":316,"column":145}},"line":316},"17":{"name":"_nonIterableSpread","decl":{"start":{"line":317,"column":9},"end":{"line":317,"column":27}},"loc":{"start":{"line":317,"column":30},"end":{"line":317,"column":190}},"line":317},"18":{"name":"_unsupportedIterableToArray","decl":{"start":{"line":318,"column":9},"end":{"line":318,"column":36}},"loc":{"start":{"line":318,"column":43},"end":{"line":318,"column":378}},"line":318},"19":{"name":"_iterableToArray","decl":{"start":{"line":319,"column":9},"end":{"line":319,"column":25}},"loc":{"start":{"line":319,"column":29},"end":{"line":319,"column":145}},"line":319},"20":{"name":"_arrayWithoutHoles","decl":{"start":{"line":320,"column":9},"end":{"line":320,"column":27}},"loc":{"start":{"line":320,"column":31},"end":{"line":320,"column":85}},"line":320},"21":{"name":"_arrayLikeToArray","decl":{"start":{"line":321,"column":9},"end":{"line":321,"column":26}},"loc":{"start":{"line":321,"column":33},"end":{"line":321,"column":148}},"line":321},"22":{"name":"render","decl":{"start":{"line":362,"column":9},"end":{"line":362,"column":15}},"loc":{"start":{"line":362,"column":63},"end":{"line":405,"column":1}},"line":362},"23":{"name":"(anonymous_23)","decl":{"start":{"line":372,"column":33},"end":{"line":372,"column":34}},"loc":{"start":{"line":372,"column":45},"end":{"line":374,"column":5}},"line":372},"24":{"name":"(anonymous_24)","decl":{"start":{"line":379,"column":33},"end":{"line":379,"column":34}},"loc":{"start":{"line":379,"column":45},"end":{"line":381,"column":5}},"line":379},"25":{"name":"(anonymous_25)","decl":{"start":{"line":383,"column":464},"end":{"line":383,"column":465}},"loc":{"start":{"line":383,"column":485},"end":{"line":397,"column":3}},"line":383},"26":{"name":"onClick","decl":{"start":{"line":388,"column":24},"end":{"line":388,"column":31}},"loc":{"start":{"line":388,"column":40},"end":{"line":390,"column":7}},"line":388},"27":{"name":"(anonymous_27)","decl":{"start":{"line":392,"column":35},"end":{"line":392,"column":36}},"loc":{"start":{"line":392,"column":47},"end":{"line":394,"column":7}},"line":392},"28":{"name":"(anonymous_28)","decl":{"start":{"line":400,"column":33},"end":{"line":400,"column":34}},"loc":{"start":{"line":400,"column":45},"end":{"line":402,"column":5}},"line":400}},"branchMap":{"0":{"loc":{"start":{"line":146,"column":6},"end":{"line":149,"column":7}},"type":"if","locations":[{"start":{"line":146,"column":6},"end":{"line":149,"column":7}},{"start":{},"end":{}}],"line":146},"1":{"loc":{"start":{"line":160,"column":6},"end":{"line":163,"column":7}},"type":"if","locations":[{"start":{"line":160,"column":6},"end":{"line":163,"column":7}},{"start":{},"end":{}}],"line":160},"2":{"loc":{"start":{"line":160,"column":10},"end":{"line":160,"column":36}},"type":"binary-expr","locations":[{"start":{"line":160,"column":10},"end":{"line":160,"column":15}},{"start":{"line":160,"column":19},"end":{"line":160,"column":36}}],"line":160},"3":{"loc":{"start":{"line":177,"column":8},"end":{"line":193,"column":9}},"type":"if","locations":[{"start":{"line":177,"column":8},"end":{"line":193,"column":9}},{"start":{"line":180,"column":15},"end":{"line":193,"column":9}}],"line":177},"4":{"loc":{"start":{"line":316,"column":40},"end":{"line":316,"column":142}},"type":"binary-expr","locations":[{"start":{"line":316,"column":40},"end":{"line":316,"column":61}},{"start":{"line":316,"column":65},"end":{"line":316,"column":84}},{"start":{"line":316,"column":88},"end":{"line":316,"column":118}},{"start":{"line":316,"column":122},"end":{"line":316,"column":142}}],"line":316},"5":{"loc":{"start":{"line":318,"column":45},"end":{"line":318,"column":376}},"type":"if","locations":[{"start":{"line":318,"column":45},"end":{"line":318,"column":376}},{"start":{},"end":{}}],"line":318},"6":{"loc":{"start":{"line":318,"column":54},"end":{"line":318,"column":111}},"type":"if","locations":[{"start":{"line":318,"column":54},"end":{"line":318,"column":111}},{"start":{},"end":{}}],"line":318},"7":{"loc":{"start":{"line":318,"column":161},"end":{"line":318,"column":220}},"type":"binary-expr","locations":[{"start":{"line":318,"column":161},"end":{"line":318,"column":175}},{"start":{"line":318,"column":179},"end":{"line":318,"column":192}},{"start":{"line":318,"column":197},"end":{"line":318,"column":219}}],"line":318},"8":{"loc":{"start":{"line":318,"column":222},"end":{"line":318,"column":373}},"type":"cond-expr","locations":[{"start":{"line":318,"column":251},"end":{"line":318,"column":264}},{"start":{"line":318,"column":267},"end":{"line":318,"column":373}}],"line":318},"9":{"loc":{"start":{"line":318,"column":222},"end":{"line":318,"column":248}},"type":"binary-expr","locations":[{"start":{"line":318,"column":222},"end":{"line":318,"column":233}},{"start":{"line":318,"column":237},"end":{"line":318,"column":248}}],"line":318},"10":{"loc":{"start":{"line":318,"column":267},"end":{"line":318,"column":373}},"type":"cond-expr","locations":[{"start":{"line":318,"column":341},"end":{"line":318,"column":364}},{"start":{"line":318,"column":367},"end":{"line":318,"column":373}}],"line":318},"11":{"loc":{"start":{"line":318,"column":267},"end":{"line":318,"column":338}},"type":"binary-expr","locations":[{"start":{"line":318,"column":267},"end":{"line":318,"column":284}},{"start":{"line":318,"column":288},"end":{"line":318,"column":338}}],"line":318},"12":{"loc":{"start":{"line":319,"column":31},"end":{"line":319,"column":143}},"type":"if","locations":[{"start":{"line":319,"column":31},"end":{"line":319,"column":143}},{"start":{},"end":{}}],"line":319},"13":{"loc":{"start":{"line":319,"column":35},"end":{"line":319,"column":120}},"type":"binary-expr","locations":[{"start":{"line":319,"column":35},"end":{"line":319,"column":63}},{"start":{"line":319,"column":67},"end":{"line":319,"column":93}},{"start":{"line":319,"column":97},"end":{"line":319,"column":120}}],"line":319},"14":{"loc":{"start":{"line":320,"column":33},"end":{"line":320,"column":83}},"type":"if","locations":[{"start":{"line":320,"column":33},"end":{"line":320,"column":83}},{"start":{},"end":{}}],"line":320},"15":{"loc":{"start":{"line":321,"column":35},"end":{"line":321,"column":80}},"type":"binary-expr","locations":[{"start":{"line":321,"column":36},"end":{"line":321,"column":45}},{"start":{"line":321,"column":49},"end":{"line":321,"column":61}},{"start":{"line":321,"column":67},"end":{"line":321,"column":79}}],"line":321},"16":{"loc":{"start":{"line":367,"column":164},"end":{"line":369,"column":74}},"type":"binary-expr","locations":[{"start":{"line":367,"column":164},"end":{"line":367,"column":173}},{"start":{"line":367,"column":178},"end":{"line":369,"column":73}}],"line":367},"17":{"loc":{"start":{"line":369,"column":126},"end":{"line":404,"column":15}},"type":"cond-expr","locations":[{"start":{"line":369,"column":148},"end":{"line":376,"column":6}},{"start":{"line":376,"column":11},"end":{"line":404,"column":14}}],"line":369},"18":{"loc":{"start":{"line":369,"column":220},"end":{"line":369,"column":324}},"type":"binary-expr","locations":[{"start":{"line":369,"column":220},"end":{"line":369,"column":229}},{"start":{"line":369,"column":234},"end":{"line":369,"column":323}}],"line":369},"19":{"loc":{"start":{"line":373,"column":32},"end":{"line":373,"column":121}},"type":"binary-expr","locations":[{"start":{"line":373,"column":32},"end":{"line":373,"column":41}},{"start":{"line":373,"column":46},"end":{"line":373,"column":120}}],"line":373},"20":{"loc":{"start":{"line":376,"column":288},"end":{"line":404,"column":10}},"type":"cond-expr","locations":[{"start":{"line":376,"column":361},"end":{"line":383,"column":6}},{"start":{"line":383,"column":11},"end":{"line":404,"column":9}}],"line":376},"21":{"loc":{"start":{"line":380,"column":32},"end":{"line":380,"column":111}},"type":"binary-expr","locations":[{"start":{"line":380,"column":32},"end":{"line":380,"column":41}},{"start":{"line":380,"column":46},"end":{"line":380,"column":110}}],"line":380},"22":{"loc":{"start":{"line":383,"column":83},"end":{"line":404,"column":7}},"type":"cond-expr","locations":[{"start":{"line":383,"column":247},"end":{"line":397,"column":34}},{"start":{"line":397,"column":39},"end":{"line":404,"column":6}}],"line":383},"23":{"loc":{"start":{"line":383,"column":84},"end":{"line":383,"column":238}},"type":"cond-expr","locations":[{"start":{"line":383,"column":201},"end":{"line":383,"column":207}},{"start":{"line":383,"column":210},"end":{"line":383,"column":238}}],"line":383},"24":{"loc":{"start":{"line":383,"column":84},"end":{"line":383,"column":198}},"type":"binary-expr","locations":[{"start":{"line":383,"column":84},"end":{"line":383,"column":162}},{"start":{"line":383,"column":166},"end":{"line":383,"column":198}}],"line":383},"25":{"loc":{"start":{"line":401,"column":32},"end":{"line":401,"column":120}},"type":"binary-expr","locations":[{"start":{"line":401,"column":32},"end":{"line":401,"column":41}},{"start":{"line":401,"column":46},"end":{"line":401,"column":119}}],"line":401}},"s":{"0":1,"1":1,"2":1,"3":3,"4":3,"5":3,"6":3,"7":3,"8":3,"9":3,"10":3,"11":3,"12":1,"13":3,"14":4,"15":4,"16":3,"17":2,"18":2,"19":3,"20":0,"21":0,"22":0,"23":0,"24":3,"25":0,"26":0,"27":0,"28":3,"29":3,"30":1,"31":1,"32":3,"33":0,"34":0,"35":3,"36":3,"37":3,"38":68,"39":67,"40":67,"41":1,"42":1,"43":3,"44":0,"45":0,"46":0,"47":0,"48":219,"49":219,"50":0,"51":0,"52":3,"53":3,"54":1,"55":1,"56":1,"57":5,"58":0,"59":0,"60":0,"61":0,"62":0,"63":0,"64":0,"65":0,"66":5,"67":5,"68":5,"69":5,"70":5,"71":5,"72":5,"73":5,"74":1,"75":1,"76":1,"77":1,"78":1,"79":1,"80":1,"81":1,"82":1,"83":1,"84":1,"85":73,"86":3,"87":2,"88":18,"89":0,"90":18,"91":0,"92":1},"f":{"0":3,"1":1,"2":4,"3":2,"4":0,"5":0,"6":3,"7":68,"8":0,"9":0,"10":0,"11":0,"12":219,"13":219,"14":0,"15":0,"16":5,"17":0,"18":0,"19":0,"20":5,"21":5,"22":73,"23":3,"24":2,"25":18,"26":0,"27":18,"28":0},"b":{"0":[1,2],"1":[0,3],"2":[3,3],"3":[67,1],"4":[5,0,0,0],"5":[0,0],"6":[0,0],"7":[0,0,0],"8":[0,0],"9":[0,0],"10":[0,0],"11":[0,0],"12":[0,0],"13":[0,0,0],"14":[5,0],"15":[5,0,5],"16":[73,3],"17":[3,70],"18":[3,3],"19":[3,3],"20":[64,6],"21":[2,2],"22":[6,0],"23":[0,6],"24":[6,6],"25":[0,0]},"inputSourceMap":{"0":"{","1":"\"","2":"v","3":"e","4":"r","5":"s","6":"i","7":"o","8":"n","9":"\"","10":":","11":"3","12":",","13":"\"","14":"s","15":"o","16":"u","17":"r","18":"c","19":"e","20":"s","21":"\"","22":":","23":"[","24":"\"","25":"/","26":"U","27":"s","28":"e","29":"r","30":"s","31":"/","32":"a","33":"l","34":"v","35":"a","36":"a","37":"x","38":"e","39":"l","40":"s","41":"s","42":"o","43":"n","44":"/","45":"p","46":"r","47":"o","48":"j","49":"e","50":"c","51":"t","52":"/","53":"L","54":"e","55":"a","56":"g","57":"u","58":"e","59":"-","60":"o","61":"f","62":"-","63":"l","64":"e","65":"g","66":"e","67":"n","68":"d","69":"s","70":"-","71":"2","72":"/","73":"g","74":"r","75":"a","76":"p","77":"h","78":"i","79":"c","80":"s","81":"/","82":"s","83":"r","84":"c","85":"/","86":"A","87":"p","88":"p","89":".","90":"v","91":"u","92":"e","93":"\"","94":"]","95":",","96":"\"","97":"n","98":"a","99":"m","100":"e","101":"s","102":"\"","103":":","104":"[","105":"]","106":",","107":"\"","108":"m","109":"a","110":"p","111":"p","112":"i","113":"n","114":"g","115":"s","116":"\"","117":":","118":"\"","119":";","120":";","121":";","122":";","123":";","124":";","125":";","126":"A","127":"A","128":"C","129":"A","130":";","131":"A","132":"A","133":"A","134":"A","135":";","136":"A","137":"A","138":"A","139":"A","140":";","141":"A","142":"A","143":"C","144":"E","145":";","146":"A","147":"A","148":"A","149":"A","150":";","151":"A","152":"A","153":"A","154":"A","155":";","156":"A","157":"A","158":"C","159":"A","160":";","161":"A","162":"A","163":"A","164":"A","165":";","166":"A","167":"A","168":"A","169":"A","170":";","171":"A","172":"A","173":"C","174":"A","175":";","176":"A","177":"A","178":"A","179":"A","180":";","181":"A","182":"A","183":"A","184":"A","185":";","186":"A","187":"A","188":"C","189":"A","190":";","191":"A","192":"A","193":"A","194":"A","195":";","196":"A","197":"A","198":"A","199":"A","200":";","201":"A","202":"A","203":"A","204":"+","205":"C","206":";","207":"A","208":"A","209":"A","210":"A","211":";","212":";","213":";","214":";","215":";","216":";","217":"I","218":"A","219":"E","220":"/","221":"C","222":",","223":"M","224":"A","225":"A","226":"M","227":",","228":"I","229":"A","230":"A","231":"I","232":";","233":"I","234":"A","235":"A","236":"G","237":";","238":"I","239":"A","240":"A","241":"A","242":";","243":"I","244":"A","245":"A","246":"A","247":";","248":"I","249":"A","250":"A","251":"A","252":",","253":"S","254":"A","255":"A","256":"S","257":";","258":"I","259":"A","260":"C","261":"t","262":"B","263":",","264":"M","265":"A","266":"A","267":"M","268":",","269":"Q","270":"A","271":"A","272":"Q","273":";","274":"I","275":"A","276":"A","277":"G","278":";","279":"I","280":"A","281":"A","282":"A","283":";","284":"I","285":"A","286":"A","287":"A","288":";","289":"I","290":"A","291":"A","292":"A","293":";","294":"I","295":"A","296":"A","297":"A","298":";","299":"I","300":"A","301":"A","302":"A","303":",","304":"G","305":"A","306":"A","307":"G","308":",","309":"E","310":"A","311":"A","312":"C","313":",","314":"I","315":"A","316":"A","317":"I","318":",","319":"C","320":"A","321":"A","322":"C","323":";","324":"I","325":"A","326":"C","327":"1","328":"B","329":",","330":"M","331":"A","332":"A","333":"M","334":",","335":"U","336":"A","337":"A","338":"U","339":";","340":"I","341":"A","342":"A","343":"G","344":";","345":"I","346":"A","347":"A","348":"A","349":";","350":"I","351":"A","352":"A","353":"A","354":";","355":"I","356":"A","357":"A","358":"A","359":";","360":"I","361":"A","362":"A","363":"A","364":";","365":"I","366":"A","367":"A","368":"A","369":",","370":"G","371":"A","372":"A","373":"G","374":",","375":"E","376":"A","377":"A","378":"C","379":",","380":"K","381":"A","382":"A","383":"K","384":",","385":"C","386":"A","387":"A","388":"C","389":";","390":"I","391":"A","392":"C","393":"7","394":"B","395":",","396":"M","397":"A","398":"A","399":"M","400":",","401":"W","402":"A","403":"A","404":"W","405":";","406":"I","407":"A","408":"A","409":"G","410":";","411":"I","412":"A","413":"A","414":"A","415":";","416":"I","417":"A","418":"A","419":"A","420":";","421":"I","422":"A","423":"A","424":"A","425":";","426":"I","427":"A","428":"A","429":"A","430":";","431":"I","432":"A","433":"A","434":"A","435":",","436":"G","437":"A","438":"A","439":"G","440":",","441":"E","442":"A","443":"A","444":"C","445":",","446":"C","447":"A","448":"A","449":"C","450":",","451":"C","452":"A","453":"A","454":"C","455":";","456":"I","457":"A","458":"C","459":"1","460":"B","461":",","462":"M","463":"A","464":"A","465":"M","466":",","467":"c","468":"A","469":"A","470":"c","471":";","472":"I","473":"A","474":"A","475":"G","476":";","477":"I","478":"A","479":"A","480":"A","481":";","482":"I","483":"A","484":"A","485":"A","486":";","487":"I","488":"A","489":"A","490":"A","491":";","492":"I","493":"A","494":"A","495":"A","496":";","497":"I","498":"A","499":"A","500":"A","501":",","502":"G","503":"A","504":"A","505":"G","506":",","507":"E","508":"A","509":"A","510":"C","511":",","512":"E","513":"A","514":"A","515":"E","516":",","517":"C","518":"A","519":"A","520":"C","521":";","522":"I","523":"A","524":"C","525":"9","526":"B","527":",","528":"M","529":"A","530":"A","531":"M","532":",","533":"U","534":"A","535":"A","536":"U","537":";","538":"I","539":"A","540":"A","541":"G","542":";","543":"I","544":"A","545":"A","546":"A","547":";","548":"I","549":"A","550":"A","551":"A","552":";","553":"I","554":"A","555":"A","556":"A","557":";","558":"I","559":"A","560":"A","561":"A","562":";","563":"I","564":"A","565":"A","566":"A","567":",","568":"G","569":"A","570":"A","571":"G","572":",","573":"E","574":"A","575":"A","576":"C","577":",","578":"C","579":"A","580":"A","581":"C","582":",","583":"C","584":"A","585":"A","586":"C","587":";","588":"I","589":"A","590":"C","591":"z","592":"B","593":",","594":"I","595":"A","596":"A","597":"I","598":",","599":"k","600":"B","601":"A","602":"A","603":"k","604":"B","605":",","606":"G","607":"A","608":"A","609":"G","610":",","611":"I","612":"A","613":"A","614":"I","615":";","616":";","617":"I","618":"A","619":"E","620":"7","621":"B","622":";","623":"I","624":"A","625":"C","626":"A","627":",","628":"M","629":"A","630":"A","631":"M","632":",","633":"S","634":"A","635":"A","636":"S","637":",","638":"G","639":"A","640":"A","641":"G","642":",","643":"M","644":"A","645":"A","646":"M","647":";","648":"M","649":"A","650":"C","651":"t","652":"B","653":";","654":"M","655":"A","656":"A","657":"A","658":";","659":"M","660":"A","661":"A","662":"A","663":";","664":"M","665":"A","666":"A","667":"A","668":";","669":"M","670":"A","671":"A","672":"A","673":";","674":"M","675":"A","676":"A","677":"A","678":",","679":"c","680":"A","681":"A","682":"c","683":";","684":"M","685":"A","686":"A","687":"C","688":";","689":"M","690":"A","691":"A","692":"A","693":";","694":"M","695":"A","696":"A","697":"A","698":";","699":"M","700":"A","701":"A","702":"A","703":",","704":"W","705":"A","706":"A","707":"W","708":",","709":"C","710":"A","711":"A","712":"C","713":";","714":"M","715":"A","716":"C","717":"3","718":"B","719":",","720":"U","721":"A","722":"A","723":"U","724":",","725":"C","726":"A","727":"A","728":"C","729":",","730":"K","731":"A","732":"A","733":"K","734":",","735":"E","736":"A","737":"A","738":"E","739":";","740":"I","741":"A","742":"C","743":"p","744":"B","745":",","746":"C","747":"A","748":"A","749":"C","750":";","751":";","752":"I","753":"A","754":"E","755":"D","756":";","757":"I","758":"A","759":"C","760":"A","761":",","762":"M","763":"A","764":"A","765":"M","766":",","767":"e","768":"A","769":"A","770":"e","771":";","772":"I","773":"A","774":"A","775":"G","776":";","777":"I","778":"A","779":"A","780":"A","781":";","782":"I","783":"A","784":"A","785":"A","786":";","787":"I","788":"A","789":"A","790":"A","791":";","792":"I","793":"A","794":"A","795":"A","796":";","797":"I","798":"A","799":"A","800":"A","801":",","802":"Q","803":"A","804":"A","805":"Q","806":",","807":"E","808":"A","809":"A","810":"C","811":",","812":"M","813":"A","814":"A","815":"M","816":";","817":"M","818":"A","819":"C","820":"r","821":"C","822":",","823":"I","824":"A","825":"A","826":"I","827":",","828":"I","829":"A","830":"A","831":"I","832":";","833":"M","834":"A","835":"C","836":"R","837":",","838":"I","839":"A","840":"A","841":"I","842":",","843":"G","844":"A","845":"A","846":"G","847":",","848":"Q","849":"A","850":"A","851":"Q","852":",","853":"C","854":"A","855":"A","856":"C","857":",","858":"K","859":"A","860":"A","861":"K","862":",","863":"C","864":"A","865":"A","866":"C","867":",","868":"M","869":"A","870":"A","871":"M","872":",","873":"C","874":"A","875":"A","876":"C","877":",","878":"W","879":"A","880":"A","881":"W","882":",","883":"C","884":"A","885":"A","886":"C","887":",","888":"K","889":"A","890":"A","891":"K","892":",","893":"C","894":"A","895":"A","896":"C","897":",","898":"C","899":"A","900":"A","901":"C","902":",","903":"U","904":"A","905":"A","906":"U","907":",","908":"C","909":"A","910":"A","911":"C","912":",","913":"K","914":"A","915":"A","916":"K","917":",","918":"C","919":"A","920":"A","921":"C","922":";","923":"M","924":"A","925":"C","926":"j","927":"E","928":",","929":"O","930":"A","931":"A","932":"O","933":";","934":"Q","935":"A","936":"C","937":"L","938":",","939":"e","940":"A","941":"A","942":"e","943":",","944":"E","945":"A","946":"A","947":"E","948":",","949":"Q","950":"A","951":"A","952":"Q","953":",","954":"I","955":"A","956":"A","957":"I","958":",","959":"I","960":"A","961":"A","962":"I","963":";","964":"Q","965":"A","966":"C","967":"j","968":"C","969":",","970":"c","971":"A","972":"A","973":"c","974":",","975":"E","976":"A","977":"A","978":"E","979":",","980":"S","981":"A","982":"A","983":"S","984":";","985":"Q","986":"A","987":"C","988":"z","989":"B","990":",","991":"k","992":"B","993":"A","994":"A","995":"k","996":"B","997":",","998":"E","999":"A","1000":"A","1001":"E","1002":",","1003":"Q","1004":"A","1005":"A","1006":"Q","1007":";","1008":"Q","1009":"A","1010":"C","1011":"5","1012":"B","1013":",","1014":"S","1015":"A","1016":"A","1017":"S","1018":",","1019":"E","1020":"A","1021":"A","1022":"E","1023":",","1024":"O","1025":"A","1026":"A","1027":"O","1028":";","1029":"Q","1030":"A","1031":"C","1032":"l","1033":"B","1034":",","1035":"Q","1036":"A","1037":"A","1038":"Q","1039":",","1040":"E","1041":"A","1042":"A","1043":"E","1044":",","1045":"O","1046":"A","1047":"A","1048":"O","1049":";","1050":"Q","1051":"A","1052":"C","1053":"j","1054":"B","1055":",","1056":"g","1057":"B","1058":"A","1059":"A","1060":"g","1061":"B","1062":",","1063":"E","1064":"A","1065":"A","1066":"E","1067":";","1068":"M","1069":"A","1070":"C","1071":"p","1072":"B","1073":",","1074":"C","1075":"A","1076":"A","1077":"C","1078":";","1079":"I","1080":"A","1081":"C","1082":"H","1083":",","1084":"C","1085":"A","1086":"A","1087":"C","1088":",","1089":"C","1090":"A","1091":"A","1092":"C","1093":";","1094":";","1095":"I","1096":"A","1097":"E","1098":"F","1099":";","1100":"I","1101":"A","1102":"C","1103":"A","1104":",","1105":"M","1106":"A","1107":"A","1108":"M","1109":",","1110":"S","1111":"A","1112":"A","1113":"S","1114":",","1115":"G","1116":"A","1117":"A","1118":"G","1119":",","1120":"M","1121":"A","1122":"A","1123":"M","1124":";","1125":"M","1126":"A","1127":"C","1128":"t","1129":"B","1130":",","1131":"W","1132":"A","1133":"A","1134":"W","1135":",","1136":"C","1137":"A","1138":"A","1139":"C","1140":",","1141":"K","1142":"A","1143":"A","1144":"K","1145":",","1146":"G","1147":"A","1148":"A","1149":"G","1150":",","1151":"C","1152":"A","1153":"A","1154":"C","1155":";","1156":"M","1157":"A","1158":"C","1159":"r","1160":"B","1161":",","1162":"U","1163":"A","1164":"A","1165":"U","1166":",","1167":"C","1168":"A","1169":"A","1170":"C","1171":",","1172":"K","1173":"A","1174":"A","1175":"K","1176":",","1177":"G","1178":"A","1179":"A","1180":"G","1181":",","1182":"I","1183":"A","1184":"A","1185":"I","1186":";","1187":"I","1188":"A","1189":"C","1190":"z","1191":"B","1192":",","1193":"C","1194":"A","1195":"A","1196":"C","1197":";","1198":";","1199":"I","1200":"A","1201":"E","1202":"D","1203":";","1204":"I","1205":"A","1206":"C","1207":"A","1208":",","1209":"M","1210":"A","1211":"A","1212":"M","1213":",","1214":"Q","1215":"A","1216":"A","1217":"Q","1218":",","1219":"G","1220":"A","1221":"A","1222":"G","1223":",","1224":"M","1225":"A","1226":"A","1227":"M","1228":";","1229":"M","1230":"A","1231":"C","1232":"r","1233":"B","1234":",","1235":"U","1236":"A","1237":"A","1238":"U","1239":",","1240":"C","1241":"A","1242":"A","1243":"C","1244":",","1245":"K","1246":"A","1247":"A","1248":"K","1249":",","1250":"G","1251":"A","1252":"A","1253":"G","1254":",","1255":"K","1256":"A","1257":"A","1258":"K","1259":";","1260":"M","1261":"A","1262":"C","1263":"x","1264":"B","1265":",","1266":"W","1267":"A","1268":"A","1269":"W","1270":",","1271":"C","1272":"A","1273":"A","1274":"C","1275":",","1276":"K","1277":"A","1278":"A","1279":"K","1280":",","1281":"G","1282":"A","1283":"A","1284":"G","1285":",","1286":"C","1287":"A","1288":"A","1289":"C","1290":";","1291":"M","1292":"A","1293":"C","1294":"r","1295":"B","1296":",","1297":"U","1298":"A","1299":"A","1300":"U","1301":",","1302":"C","1303":"A","1304":"A","1305":"C","1306":",","1307":"K","1308":"A","1309":"A","1310":"K","1311":",","1312":"G","1313":"A","1314":"A","1315":"G","1316":",","1317":"C","1318":"A","1319":"A","1320":"C","1321":";","1322":"M","1323":"A","1324":"C","1325":"p","1326":"B","1327":",","1328":"c","1329":"A","1330":"A","1331":"c","1332":",","1333":"C","1334":"A","1335":"A","1336":"C","1337":",","1338":"K","1339":"A","1340":"A","1341":"K","1342":",","1343":"G","1344":"A","1345":"A","1346":"G","1347":",","1348":"E","1349":"A","1350":"A","1351":"E","1352":";","1353":"I","1354":"A","1355":"C","1356":"3","1357":"B","1358":",","1359":"C","1360":"A","1361":"A","1362":"C","1363":";","1364":";","1365":"I","1366":"A","1367":"E","1368":"D","1369":";","1370":"I","1371":"A","1372":"C","1373":"A","1374":",","1375":"M","1376":"A","1377":"A","1378":"M","1379":",","1380":"U","1381":"A","1382":"A","1383":"U","1384":",","1385":"G","1386":"A","1387":"A","1388":"I","1389":",","1390":"K","1391":"A","1392":"A","1393":"K","1394":",","1395":"I","1396":"A","1397":"A","1398":"K","1399":";","1400":"M","1401":"A","1402":"C","1403":"5","1404":"B","1405":";","1406":"M","1407":"A","1408":"A","1409":"A","1410":";","1411":"M","1412":"A","1413":"A","1414":"A","1415":";","1416":"M","1417":"A","1418":"A","1419":"A","1420":";","1421":"M","1422":"A","1423":"A","1424":"A","1425":";","1426":"M","1427":"A","1428":"A","1429":"A","1430":",","1431":"c","1432":"A","1433":"A","1434":"c","1435":";","1436":"M","1437":"A","1438":"A","1439":"C","1440":";","1441":"M","1442":"A","1443":"A","1444":"A","1445":";","1446":"M","1447":"A","1448":"A","1449":"A","1450":";","1451":"M","1452":"A","1453":"A","1454":"A","1455":",","1456":"W","1457":"A","1458":"A","1459":"W","1460":",","1461":"C","1462":"A","1463":"A","1464":"C","1465":";","1466":"M","1467":"A","1468":"C","1469":"3","1470":"B","1471":",","1472":"M","1473":"A","1474":"A","1475":"M","1476":",","1477":"M","1478":"A","1479":"A","1480":"M","1481":";","1482":"M","1483":"A","1484":"A","1485":"G","1486":";","1487":"M","1488":"A","1489":"A","1490":"A","1491":";","1492":"M","1493":"A","1494":"A","1495":"A","1496":";","1497":"M","1498":"A","1499":"A","1500":"A","1501":";","1502":"M","1503":"A","1504":"A","1505":"A","1506":";","1507":"M","1508":"A","1509":"A","1510":"A","1511":",","1512":"Q","1513":"A","1514":"A","1515":"Q","1516":",","1517":"E","1518":"A","1519":"A","1520":"C","1521":",","1522":"Q","1523":"A","1524":"A","1525":"Q","1526":",","1527":"C","1528":"A","1529":"A","1530":"C","1531":",","1532":"K","1533":"A","1534":"A","1535":"K","1536":",","1537":"E","1538":"A","1539":"A","1540":"E","1541":",","1542":"W","1543":"A","1544":"A","1545":"W","1546":",","1547":"C","1548":"A","1549":"A","1550":"C","1551":",","1552":"K","1553":"A","1554":"A","1555":"K","1556":",","1557":"E","1558":"A","1559":"A","1560":"E","1561":",","1562":"K","1563":"A","1564":"A","1565":"K","1566":",","1567":"C","1568":"A","1569":"A","1570":"C","1571":";","1572":"M","1573":"A","1574":"C","1575":"j","1576":"E","1577":",","1578":"W","1579":"A","1580":"A","1581":"W","1582":",","1583":"C","1584":"A","1585":"A","1586":"C","1587":",","1588":"K","1589":"A","1590":"A","1591":"K","1592":",","1593":"G","1594":"A","1595":"A","1596":"G","1597":",","1598":"M","1599":"A","1600":"A","1601":"M","1602":",","1603":"C","1604":"A","1605":"A","1606":"C","1607":",","1608":"Q","1609":"A","1610":"A","1611":"Q","1612":";","1613":"M","1614":"A","1615":"C","1616":"n","1617":"C","1618":",","1619":"U","1620":"A","1621":"A","1622":"U","1623":",","1624":"C","1625":"A","1626":"A","1627":"C","1628":",","1629":"K","1630":"A","1631":"A","1632":"K","1633":",","1634":"G","1635":"A","1636":"A","1637":"G","1638":",","1639":"C","1640":"A","1641":"A","1642":"C","1643":";","1644":"I","1645":"A","1646":"C","1647":"t","1648":"B","1649":",","1650":"C","1651":"A","1652":"A","1653":"C","1654":";","1655":";","1656":"I","1657":"A","1658":"E","1659":"D","1660":";","1661":"I","1662":"A","1663":"C","1664":"A","1665":",","1666":"M","1667":"A","1668":"A","1669":"M","1670":",","1671":"U","1672":"A","1673":"A","1674":"U","1675":",","1676":"G","1677":"A","1678":"A","1679":"I","1680":",","1681":"I","1682":"A","1683":"A","1684":"I","1685":",","1686":"I","1687":"A","1688":"A","1689":"K","1690":";","1691":"M","1692":"A","1693":"C","1694":"3","1695":"B","1696":",","1697":"I","1698":"A","1699":"A","1700":"I","1701":",","1702":"k","1703":"B","1704":"A","1705":"A","1706":"k","1707":"B","1708":",","1709":"E","1710":"A","1711":"A","1712":"E","1713":";","1714":"Q","1715":"A","1716":"C","1717":"t","1718":"B","1719":",","1720":"a","1721":"A","1722":"A","1723":"a","1724":",","1725":"C","1726":"A","1727":"A","1728":"C","1729":",","1730":"k","1731":"B","1732":"A","1733":"A","1734":"k","1735":"B","1736":",","1737":"C","1738":"A","1739":"A","1740":"C","1741":";","1742":"Q","1743":"A","1744":"C","1745":"j","1746":"C","1747":",","1748":"k","1749":"B","1750":"A","1751":"A","1752":"k","1753":"B","1754":",","1755":"G","1756":"A","1757":"A","1758":"G","1759":",","1760":"I","1761":"A","1762":"A","1763":"I","1764":";","1765":"M","1766":"A","1767":"C","1768":"3","1769":"B","1770":";","1771":"M","1772":"A","1773":"C","1774":"A","1775":";","1776":"M","1777":"A","1778":"A","1779":"A","1780":";","1781":"M","1782":"A","1783":"A","1784":"A","1785":";","1786":"M","1787":"A","1788":"A","1789":"A","1790":";","1791":"M","1792":"A","1793":"A","1794":"A","1795":";","1796":"M","1797":"A","1798":"A","1799":"A","1800":",","1801":"e","1802":"A","1803":"A","1804":"e","1805":";","1806":"M","1807":"A","1808":"A","1809":"C","1810":";","1811":"M","1812":"A","1813":"A","1814":"A","1815":";","1816":"M","1817":"A","1818":"A","1819":"A","1820":";","1821":"M","1822":"A","1823":"A","1824":"A","1825":",","1826":"S","1827":"A","1828":"A","1829":"S","1830":",","1831":"C","1832":"A","1833":"A","1834":"C","1835":";","1836":"M","1837":"A","1838":"E","1839":"1","1840":"B","1841":",","1842":"I","1843":"A","1844":"A","1845":"I","1846":",","1847":"C","1848":"A","1849":"A","1850":"C","1851":",","1852":"I","1853":"A","1854":"A","1855":"I","1856":",","1857":"I","1858":"A","1859":"A","1860":"I","1861":",","1862":"C","1863":"A","1864":"A","1865":"C","1866":",","1867":"U","1868":"A","1869":"A","1870":"U","1871":",","1872":"C","1873":"A","1874":"A","1875":"C","1876":",","1877":"K","1878":"A","1879":"A","1880":"K","1881":",","1882":"E","1883":"A","1884":"A","1885":"E","1886":";","1887":"Q","1888":"A","1889":"C","1890":"9","1891":"B","1892":",","1893":"c","1894":"A","1895":"A","1896":"c","1897":",","1898":"C","1899":"A","1900":"A","1901":"C","1902":",","1903":"K","1904":"A","1905":"A","1906":"K","1907":",","1908":"G","1909":"A","1910":"A","1911":"G","1912":",","1913":"E","1914":"A","1915":"A","1916":"E","1917":";","1918":"Q","1919":"A","1920":"C","1921":"z","1922":"B","1923":";","1924":"M","1925":"A","1926":"C","1927":"F","1928":";","1929":"M","1930":"A","1931":"C","1932":"A","1933":",","1934":"c","1935":"A","1936":"A","1937":"c","1938":",","1939":"C","1940":"A","1941":"A","1942":"C","1943":",","1944":"K","1945":"A","1946":"A","1947":"K","1948":",","1949":"G","1950":"A","1951":"A","1952":"G","1953":",","1954":"E","1955":"A","1956":"A","1957":"E","1958":";","1959":"M","1960":"A","1961":"C","1962":"z","1963":"B","1964":",","1965":"I","1966":"A","1967":"A","1968":"I","1969":",","1970":"C","1971":"A","1972":"A","1973":"C","1974":",","1975":"G","1976":"A","1977":"A","1978":"G","1979":",","1980":"C","1981":"A","1982":"A","1983":"C","1984":";","1985":"M","1986":"A","1987":"C","1988":"T","1989":";","1990":"M","1991":"A","1992":"A","1993":"A","1994":";","1995":"M","1996":"A","1997":"A","1998":"A","1999":";","2000":"M","2001":"A","2002":"A","2003":"A","2004":";","2005":"M","2006":"A","2007":"A","2008":"A","2009":";","2010":"M","2011":"A","2012":"A","2013":"A","2014":",","2015":"c","2016":"A","2017":"A","2018":"c","2019":";","2020":"M","2021":"A","2022":"A","2023":"C","2024":";","2025":"M","2026":"A","2027":"A","2028":"A","2029":";","2030":"M","2031":"A","2032":"A","2033":"A","2034":";","2035":"M","2036":"A","2037":"A","2038":"A","2039":",","2040":"S","2041":"A","2042":"A","2043":"S","2044":",","2045":"C","2046":"A","2047":"A","2048":"C","2049":";","2050":"M","2051":"A","2052":"E","2053":"z","2054":"B","2055":",","2056":"k","2057":"B","2058":"A","2059":"A","2060":"k","2061":"B","2062":",","2063":"G","2064":"A","2065":"A","2066":"G","2067":",","2068":"W","2069":"A","2070":"A","2071":"W","2072":",","2073":"C","2074":"A","2075":"A","2076":"C","2077":",","2078":"M","2079":"A","2080":"A","2081":"M","2082":";","2083":"Q","2084":"A","2085":"C","2086":"r","2087":"C","2088":",","2089":"I","2090":"A","2091":"A","2092":"I","2093":",","2094":"C","2095":"A","2096":"A","2097":"C","2098":",","2099":"G","2100":"A","2101":"A","2102":"G","2103":",","2104":"I","2105":"A","2106":"A","2107":"I","2108":",","2109":"C","2110":"A","2111":"A","2112":"C","2113":",","2114":"M","2115":"A","2116":"A","2117":"M","2118":",","2119":"E","2120":"A","2121":"A","2122":"E","2123":";","2124":"U","2125":"A","2126":"C","2127":"n","2128":"B","2129":",","2130":"c","2131":"A","2132":"A","2133":"c","2134":",","2135":"C","2136":"A","2137":"A","2138":"C","2139":",","2140":"K","2141":"A","2142":"A","2143":"K","2144":",","2145":"I","2146":"A","2147":"A","2148":"I","2149":",","2150":"I","2151":"A","2152":"A","2153":"I","2154":",","2155":"C","2156":"A","2157":"A","2158":"C","2159":",","2160":"M","2161":"A","2162":"A","2163":"M","2164":",","2165":"C","2166":"A","2167":"A","2168":"C","2169":",","2170":"C","2171":"A","2172":"A","2173":"C","2174":",","2175":"C","2176":"A","2177":"A","2178":"C","2179":";","2180":"U","2181":"A","2182":"C","2183":"t","2184":"C","2185":",","2186":"C","2187":"A","2188":"A","2189":"C","2190":",","2191":"E","2192":"A","2193":"A","2194":"E","2195":";","2196":"Q","2197":"A","2198":"C","2199":"L","2200":",","2201":"C","2202":"A","2203":"A","2204":"C","2205":",","2206":"M","2207":"A","2208":"A","2209":"M","2210":";","2211":"U","2212":"A","2213":"C","2214":"L","2215":",","2216":"a","2217":"A","2218":"A","2219":"a","2220":",","2221":"C","2222":"A","2223":"A","2224":"C","2225":",","2226":"k","2227":"B","2228":"A","2229":"A","2230":"k","2231":"B","2232":",","2233":"C","2234":"A","2235":"A","2236":"C","2237":";","2238":"U","2239":"A","2240":"C","2241":"j","2242":"C","2243":",","2244":"k","2245":"B","2246":"A","2247":"A","2248":"k","2249":"B","2250":",","2251":"G","2252":"A","2253":"A","2254":"G","2255":",","2256":"I","2257":"A","2258":"A","2259":"I","2260":";","2261":"U","2262":"A","2263":"C","2264":"z","2265":"B","2266":";","2267":"U","2268":"A","2269":"A","2270":"A","2271":";","2272":"U","2273":"A","2274":"A","2275":"A","2276":";","2277":"U","2278":"A","2279":"A","2280":"A","2281":";","2282":"U","2283":"A","2284":"A","2285":"A","2286":";","2287":"U","2288":"A","2289":"A","2290":"A","2291":",","2292":"e","2293":"A","2294":"A","2295":"e","2296":";","2297":"U","2298":"A","2299":"A","2300":"C","2301":";","2302":"U","2303":"A","2304":"A","2305":"A","2306":";","2307":"U","2308":"A","2309":"A","2310":"A","2311":";","2312":"U","2313":"A","2314":"A","2315":"A","2316":",","2317":"S","2318":"A","2319":"A","2320":"S","2321":",","2322":"C","2323":"A","2324":"A","2325":"C","2326":";","2327":"Q","2328":"A","2329":"C","2330":"5","2331":"B","2332":";","2333":"M","2334":"A","2335":"C","2336":"F","2337":",","2338":"C","2339":"A","2340":"A","2341":"C","2342":",","2343":"E","2344":"A","2345":"A","2346":"E","2347":",","2348":"E","2349":"A","2350":"A","2351":"E","2352":",","2353":"C","2354":"A","2355":"A","2356":"C","2357":";","2358":"I","2359":"A","2360":"C","2361":"R","2362":",","2363":"C","2364":"A","2365":"A","2366":"C","2367":";","2368":";","2369":"I","2370":"A","2371":"E","2372":"D","2373":";","2374":"I","2375":"A","2376":"C","2377":"A","2378":";","2379":"I","2380":"A","2381":"A","2382":"A","2383":";","2384":"I","2385":"A","2386":"A","2387":"A","2388":";","2389":"I","2390":"A","2391":"A","2392":"A","2393":";","2394":"I","2395":"A","2396":"A","2397":"A","2398":";","2399":"I","2400":"A","2401":"A","2402":"A","2403":",","2404":"K","2405":"A","2406":"A","2407":"K","2408":",","2409":"E","2410":"A","2411":"A","2412":"C","2413":",","2414":"W","2415":"A","2416":"A","2417":"W","2418":",","2419":"E","2420":"A","2421":"A","2422":"G","2423":",","2424":"O","2425":"A","2426":"A","2427":"O","2428":",","2429":"I","2430":"A","2431":"A","2432":"K","2433":";","2434":"M","2435":"A","2436":"C","2437":"5","2438":"B","2439":",","2440":"U","2441":"A","2442":"A","2443":"U","2444":",","2445":"C","2446":"A","2447":"A","2448":"C","2449":",","2450":"K","2451":"A","2452":"A","2453":"K","2454":",","2455":"G","2456":"A","2457":"A","2458":"G","2459":",","2460":"C","2461":"A","2462":"A","2463":"C","2464":";","2465":"M","2466":"A","2467":"C","2468":"p","2469":"B","2470":",","2471":"U","2472":"A","2473":"A","2474":"U","2475":",","2476":"C","2477":"A","2478":"A","2479":"C","2480":",","2481":"Q","2482":"A","2483":"A","2484":"Q","2485":",","2486":"C","2487":"A","2488":"A","2489":"C","2490":",","2491":"K","2492":"A","2493":"A","2494":"K","2495":",","2496":"C","2497":"A","2498":"A","2499":"C","2500":",","2501":"K","2502":"A","2503":"A","2504":"K","2505":",","2506":"C","2507":"A","2508":"A","2509":"C","2510":",","2511":"O","2512":"A","2513":"A","2514":"O","2515":",","2516":"C","2517":"A","2518":"A","2519":"C","2520":",","2521":"C","2522":"A","2523":"A","2524":"C","2525":",","2526":"C","2527":"A","2528":"A","2529":"C","2530":",","2531":"C","2532":"A","2533":"A","2534":"C","2535":",","2536":"C","2537":"A","2538":"A","2539":"C","2540":";","2541":"I","2542":"A","2543":"C","2544":"9","2545":"C","2546":",","2547":"C","2548":"A","2549":"A","2550":"C","2551":",","2552":"C","2553":"A","2554":"A","2555":"C","2556":";","2557":";","2558":"I","2559":"A","2560":"E","2561":"J","2562":";","2563":"I","2564":"A","2565":"C","2566":"A","2567":";","2568":"I","2569":"A","2570":"A","2571":"A","2572":";","2573":"I","2574":"A","2575":"A","2576":"A","2577":";","2578":"I","2579":"A","2580":"A","2581":"A","2582":";","2583":"I","2584":"A","2585":"A","2586":"A","2587":";","2588":"I","2589":"A","2590":"A","2591":"A","2592":",","2593":"K","2594":"A","2595":"A","2596":"K","2597":",","2598":"E","2599":"A","2600":"A","2601":"C","2602":",","2603":"U","2604":"A","2605":"A","2606":"U","2607":",","2608":"E","2609":"A","2610":"A","2611":"G","2612":",","2613":"M","2614":"A","2615":"A","2616":"M","2617":",","2618":"I","2619":"A","2620":"A","2621":"K","2622":";","2623":"M","2624":"A","2625":"C","2626":"5","2627":"B","2628":",","2629":"M","2630":"A","2631":"A","2632":"M","2633":",","2634":"i","2635":"B","2636":"A","2637":"A","2638":"i","2639":"B","2640":",","2641":"G","2642":"A","2643":"A","2644":"G","2645":",","2646":"Q","2647":"A","2648":"A","2649":"Q","2650":",","2651":"C","2652":"A","2653":"A","2654":"C","2655":",","2656":"K","2657":"A","2658":"A","2659":"K","2660":",","2661":"C","2662":"A","2663":"A","2664":"C","2665":",","2666":"K","2667":"A","2668":"A","2669":"K","2670":",","2671":"C","2672":"A","2673":"A","2674":"C","2675":",","2676":"W","2677":"A","2678":"A","2679":"W","2680":",","2681":"C","2682":"A","2683":"A","2684":"C","2685":",","2686":"K","2687":"A","2688":"A","2689":"K","2690":",","2691":"C","2692":"A","2693":"A","2694":"C","2695":";","2696":"M","2697":"A","2698":"C","2699":"j","2700":"E","2701":",","2702":"I","2703":"A","2704":"A","2705":"I","2706":",","2707":"i","2708":"B","2709":"A","2710":"A","2711":"i","2712":"B","2713":",","2714":"I","2715":"A","2716":"A","2717":"I","2718":",","2719":"i","2720":"B","2721":"A","2722":"A","2723":"i","2724":"B","2725":",","2726":"C","2727":"A","2728":"A","2729":"C","2730":",","2731":"M","2732":"A","2733":"A","2734":"M","2735":",","2736":"C","2737":"A","2738":"A","2739":"C","2740":",","2741":"E","2742":"A","2743":"A","2744":"E","2745":";","2746":"Q","2747":"A","2748":"C","2749":"l","2750":"D","2751":",","2752":"U","2753":"A","2754":"A","2755":"U","2756":",","2757":"C","2758":"A","2759":"A","2760":"C","2761":",","2762":"i","2763":"B","2764":"A","2765":"A","2766":"i","2767":"B","2768":",","2769":"C","2770":"A","2771":"A","2772":"C","2773":",","2774":"M","2775":"A","2776":"A","2777":"M","2778":",","2779":"C","2780":"A","2781":"A","2782":"C","2783":",","2784":"C","2785":"A","2786":"A","2787":"C","2788":";","2789":"M","2790":"A","2791":"C","2792":"v","2793":"C","2794":";","2795":"I","2796":"A","2797":"C","2798":"F","2799":",","2800":"C","2801":"A","2802":"A","2803":"C","2804":",","2805":"C","2806":"A","2807":"A","2808":"C","2809":";","2810":";","2811":"I","2812":"A","2813":"E","2814":"F","2815":";","2816":"I","2817":"A","2818":"C","2819":"A","2820":";","2821":"I","2822":"A","2823":"A","2824":"A","2825":";","2826":"I","2827":"A","2828":"A","2829":"A","2830":";","2831":"I","2832":"A","2833":"A","2834":"A","2835":";","2836":"I","2837":"A","2838":"A","2839":"A","2840":";","2841":"I","2842":"A","2843":"A","2844":"A","2845":",","2846":"K","2847":"A","2848":"A","2849":"K","2850":",","2851":"E","2852":"A","2853":"A","2854":"C","2855":",","2856":"U","2857":"A","2858":"A","2859":"U","2860":",","2861":"E","2862":"A","2863":"A","2864":"G","2865":",","2866":"M","2867":"A","2868":"A","2869":"M","2870":",","2871":"I","2872":"A","2873":"A","2874":"K","2875":";","2876":"M","2877":"A","2878":"C","2879":"5","2880":"B","2881":",","2882":"I","2883":"A","2884":"A","2885":"I","2886":",","2887":"M","2888":"A","2889":"A","2890":"M","2891":",","2892":"E","2893":"A","2894":"A","2895":"E","2896":";","2897":"Q","2898":"A","2899":"C","2900":"V","2901":",","2902":"U","2903":"A","2904":"A","2905":"U","2906":",","2907":"C","2908":"A","2909":"A","2910":"C","2911":",","2912":"Q","2913":"A","2914":"A","2915":"Q","2916":",","2917":"C","2918":"A","2919":"A","2920":"C","2921":",","2922":"K","2923":"A","2924":"A","2925":"K","2926":",","2927":"C","2928":"A","2929":"A","2930":"C","2931":",","2932":"K","2933":"A","2934":"A","2935":"K","2936":",","2937":"C","2938":"A","2939":"A","2940":"C","2941":",","2942":"W","2943":"A","2944":"A","2945":"W","2946":",","2947":"C","2948":"A","2949":"A","2950":"C","2951":",","2952":"K","2953":"A","2954":"A","2955":"K","2956":",","2957":"C","2958":"A","2959":"A","2960":"C","2961":",","2962":"C","2963":"A","2964":"A","2965":"C","2966":",","2967":"U","2968":"A","2969":"A","2970":"U","2971":",","2972":"C","2973":"A","2974":"A","2975":"C","2976":",","2977":"K","2978":"A","2979":"A","2980":"K","2981":",","2982":"C","2983":"A","2984":"A","2985":"C","2986":",","2987":"C","2988":"A","2989":"A","2990":"C","2991":";","2992":"M","2993":"A","2994":"C","2995":"v","2996":"E","2997":";","2998":"I","2999":"A","3000":"C","3001":"F","3002":",","3003":"C","3004":"A","3005":"A","3006":"C","3007":",","3008":"C","3009":"A","3010":"A","3011":"C","3012":"\"","3013":",","3014":"\"","3015":"f","3016":"i","3017":"l","3018":"e","3019":"\"","3020":":","3021":"\"","3022":"/","3023":"U","3024":"s","3025":"e","3026":"r","3027":"s","3028":"/","3029":"a","3030":"l","3031":"v","3032":"a","3033":"a","3034":"x","3035":"e","3036":"l","3037":"s","3038":"s","3039":"o","3040":"n","3041":"/","3042":"p","3043":"r","3044":"o","3045":"j","3046":"e","3047":"c","3048":"t","3049":"/","3050":"L","3051":"e","3052":"a","3053":"g","3054":"u","3055":"e","3056":"-","3057":"o","3058":"f","3059":"-","3060":"l","3061":"e","3062":"g","3063":"e","3064":"n","3065":"d","3066":"s","3067":"-","3068":"2","3069":"/","3070":"g","3071":"r","3072":"a","3073":"p","3074":"h","3075":"i","3076":"c","3077":"s","3078":"/","3079":"s","3080":"r","3081":"c","3082":"/","3083":"A","3084":"p","3085":"p","3086":".","3087":"v","3088":"u","3089":"e","3090":"\"","3091":",","3092":"\"","3093":"s","3094":"o","3095":"u","3096":"r","3097":"c","3098":"e","3099":"s","3100":"C","3101":"o","3102":"n","3103":"t","3104":"e","3105":"n","3106":"t","3107":"\"","3108":":","3109":"[","3110":"\"","3111":"<","3112":"s","3113":"c","3114":"r","3115":"i","3116":"p","3117":"t","3118":" ","3119":"s","3120":"e","3121":"t","3122":"u","3123":"p","3124":">","3125":"\\","3126":"n","3127":" ","3128":" ","3129":"i","3130":"m","3131":"p","3132":"o","3133":"r","3134":"t","3135":" ","3136":"{","3137":"r","3138":"e","3139":"f","3140":",","3141":" ","3142":"w","3143":"a","3144":"t","3145":"c","3146":"h","3147":",","3148":" ","3149":"c","3150":"o","3151":"m","3152":"p","3153":"u","3154":"t","3155":"e","3156":"d","3157":"}","3158":" ","3159":"f","3160":"r","3161":"o","3162":"m","3163":" ","3164":"\\","3165":"\"","3166":"v","3167":"u","3168":"e","3169":"\\","3170":"\"","3171":";","3172":"\\","3173":"n","3174":" ","3175":" ","3176":"i","3177":"m","3178":"p","3179":"o","3180":"r","3181":"t","3182":" ","3183":"{","3184":"p","3185":"l","3186":"a","3187":"y","3188":"_","3189":"s","3190":"o","3191":"u","3192":"n","3193":"d","3194":"f","3195":"i","3196":"l","3197":"e","3198":",","3199":" ","3200":"p","3201":"a","3202":"u","3203":"s","3204":"e","3205":"_","3206":"s","3207":"o","3208":"u","3209":"n","3210":"d","3211":"f","3212":"i","3213":"l","3214":"e","3215":",","3216":" ","3217":"t","3218":"e","3219":"x","3220":"t","3221":"S","3222":"o","3223":"u","3224":"n","3225":"d","3226":",","3227":" ","3228":"b","3229":"u","3230":"t","3231":"t","3232":"o","3233":"n","3234":"S","3235":"o","3236":"u","3237":"n","3238":"d","3239":"}","3240":" ","3241":"f","3242":"r","3243":"o","3244":"m","3245":" ","3246":"\\","3247":"\"","3248":".","3249":"/","3250":"s","3251":"o","3252":"u","3253":"n","3254":"d","3255":"e","3256":"f","3257":"f","3258":"e","3259":"c","3260":"t","3261":"s","3262":"-","3263":"2","3264":".","3265":"t","3266":"s","3267":"\\","3268":"\"","3269":"\\","3270":"n","3271":" ","3272":" ","3273":"i","3274":"m","3275":"p","3276":"o","3277":"r","3278":"t","3279":" ","3280":"{","3281":"g","3282":"a","3283":"m","3284":"e","3285":"_","3286":"t","3287":"e","3288":"s","3289":"t","3290":"}","3291":" ","3292":"f","3293":"r","3294":"o","3295":"m","3296":" ","3297":"\\","3298":"\"","3299":".","3300":"/","3301":"s","3302":"t","3303":"o","3304":"r","3305":"y","3306":".","3307":"t","3308":"s","3309":"\\","3310":"\"","3311":";","3312":"\\","3313":"n","3314":" ","3315":" ","3316":"i","3317":"m","3318":"p","3319":"o","3320":"r","3321":"t","3322":" ","3323":"{","3324":"v","3325":"u","3326":"e","3327":"_","3328":"g","3329":"a","3330":"m","3331":"e","3332":"}","3333":" ","3334":"f","3335":"r","3336":"o","3337":"m","3338":" ","3339":"\\","3340":"\"","3341":".","3342":"/","3343":"g","3344":"r","3345":"a","3346":"p","3347":"h","3348":"_","3349":"t","3350":"r","3351":"a","3352":"v","3353":"e","3354":"r","3355":"s","3356":"e","3357":"_","3358":"r","3359":"e","3360":"t","3361":"u","3362":"r","3363":"n","3364":".","3365":"t","3366":"s","3367":"\\","3368":"\"","3369":";","3370":"\\","3371":"n","3372":" ","3373":" ","3374":"i","3375":"m","3376":"p","3377":"o","3378":"r","3379":"t","3380":" ","3381":"C","3382":"b","3383":"u","3384":"t","3385":"t","3386":"o","3387":"n","3388":" ","3389":"f","3390":"r","3391":"o","3392":"m","3393":" ","3394":"\\","3395":"\"","3396":".","3397":"/","3398":"c","3399":"o","3400":"m","3401":"p","3402":"o","3403":"n","3404":"e","3405":"n","3406":"t","3407":"s","3408":"/","3409":"C","3410":"b","3411":"u","3412":"t","3413":"t","3414":"o","3415":"n","3416":".","3417":"v","3418":"u","3419":"e","3420":"\\","3421":"\"","3422":";","3423":"\\","3424":"n","3425":"\\","3426":"n","3427":" ","3428":" ","3429":"c","3430":"o","3431":"n","3432":"s","3433":"t","3434":" ","3435":"g","3436":"a","3437":"m","3438":"e","3439":" ","3440":"=","3441":" ","3442":"g","3443":"a","3444":"m","3445":"e","3446":"_","3447":"t","3448":"e","3449":"s","3450":"t","3451":";","3452":"\\","3453":"n","3454":" ","3455":" ","3456":"c","3457":"o","3458":"n","3459":"s","3460":"t","3461":" ","3462":"g","3463":"a","3464":"m","3465":"e","3466":"D","3467":"a","3468":"t","3469":"a","3470":" ","3471":"=","3472":" ","3473":"r","3474":"e","3475":"f","3476":"(","3477":"g","3478":"a","3479":"m","3480":"e","3481":")","3482":";","3483":"\\","3484":"n","3485":" ","3486":" ","3487":"c","3488":"o","3489":"n","3490":"s","3491":"t","3492":" ","3493":"g","3494":"a","3495":"m","3496":"e","3497":"A","3498":"c","3499":"t","3500":"i","3501":"v","3502":"e","3503":" ","3504":"=","3505":" ","3506":"r","3507":"e","3508":"f","3509":"(","3510":"f","3511":"a","3512":"l","3513":"s","3514":"e","3515":")","3516":";","3517":"\\","3518":"n","3519":" ","3520":" ","3521":"c","3522":"o","3523":"n","3524":"s","3525":"t","3526":" ","3527":"c","3528":"u","3529":"r","3530":"r","3531":"e","3532":"n","3533":"t","3534":"N","3535":"o","3536":"d","3537":"e","3538":" ","3539":"=","3540":" ","3541":"r","3542":"e","3543":"f","3544":"(","3545":"0","3546":")","3547":";","3548":"\\","3549":"n","3550":" ","3551":" ","3552":"c","3553":"o","3554":"n","3555":"s","3556":"t","3557":" ","3558":"d","3559":"i","3560":"s","3561":"p","3562":"l","3563":"a","3564":"y","3565":"e","3566":"d","3567":"S","3568":"t","3569":"o","3570":"r","3571":"y","3572":" ","3573":"=","3574":" ","3575":"r","3576":"e","3577":"f","3578":"(","3579":"\\","3580":"\"","3581":"\\","3582":"\"","3583":")","3584":";","3585":"\\","3586":"n","3587":" ","3588":" ","3589":"c","3590":"o","3591":"n","3592":"s","3593":"t","3594":" ","3595":"i","3596":"m","3597":"a","3598":"g","3599":"e","3600":"I","3601":"n","3602":"d","3603":"e","3604":"x","3605":" ","3606":"=","3607":" ","3608":"r","3609":"e","3610":"f","3611":"(","3612":"0","3613":")","3614":";","3615":"\\","3616":"n","3617":" ","3618":" ","3619":"l","3620":"e","3621":"t","3622":" ","3623":"t","3624":"y","3625":"p","3626":"e","3627":"w","3628":"r","3629":"i","3630":"t","3631":"e","3632":"r","3633":"I","3634":"n","3635":"t","3636":"e","3637":"r","3638":"v","3639":"a","3640":"l","3641":" ","3642":"=","3643":" ","3644":"n","3645":"u","3646":"l","3647":"l","3648":";","3649":"\\","3650":"n","3651":"\\","3652":"n","3653":" ","3654":" ","3655":"/","3656":"/","3657":" ","3658":"U","3659":"p","3660":"d","3661":"a","3662":"t","3663":"e","3664":"s","3665":" ","3666":"t","3667":"h","3668":"e","3669":" ","3670":"i","3671":"m","3672":"a","3673":"g","3674":"e","3675":" ","3676":"i","3677":"n","3678":"d","3679":"e","3680":"x","3681":" ","3682":"\\","3683":"n","3684":" ","3685":" ","3686":"c","3687":"o","3688":"n","3689":"s","3690":"t","3691":" ","3692":"n","3693":"e","3694":"x","3695":"t","3696":"I","3697":"m","3698":"a","3699":"g","3700":"e","3701":" ","3702":"=","3703":" ","3704":"(","3705":")","3706":" ","3707":"=","3708":">","3709":" ","3710":"{","3711":"\\","3712":"n","3713":" ","3714":" ","3715":" ","3716":" ","3717":"p","3718":"l","3719":"a","3720":"y","3721":"_","3722":"s","3723":"o","3724":"u","3725":"n","3726":"d","3727":"f","3728":"i","3729":"l","3730":"e","3731":"(","3732":"b","3733":"u","3734":"t","3735":"t","3736":"o","3737":"n","3738":"S","3739":"o","3740":"u","3741":"n","3742":"d","3743":")","3744":";","3745":" ","3746":" ","3747":"\\","3748":"n","3749":" ","3750":" ","3751":" ","3752":" ","3753":"i","3754":"m","3755":"a","3756":"g","3757":"e","3758":"I","3759":"n","3760":"d","3761":"e","3762":"x","3763":".","3764":"v","3765":"a","3766":"l","3767":"u","3768":"e","3769":"+","3770":"+","3771":"\\","3772":"n","3773":" ","3774":" ","3775":"}","3776":";","3777":"\\","3778":"n","3779":"\\","3780":"n","3781":" ","3782":" ","3783":"/","3784":"/","3785":" ","3786":"F","3787":"u","3788":"n","3789":"c","3790":"t","3791":"i","3792":"o","3793":"n","3794":" ","3795":"t","3796":"h","3797":"a","3798":"t","3799":" ","3800":"g","3801":"o","3802":"e","3803":"s","3804":" ","3805":"t","3806":"h","3807":"r","3808":"o","3809":"u","3810":"g","3811":"h","3812":" ","3813":"t","3814":"h","3815":"e","3816":" ","3817":"i","3818":"m","3819":"a","3820":"g","3821":"e","3822":" ","3823":"a","3824":"r","3825":"r","3826":"a","3827":"y","3828":" ","3829":"a","3830":"n","3831":"d","3832":" ","3833":"u","3834":"p","3835":"d","3836":"a","3837":"t","3838":"e","3839":"s","3840":" ","3841":"t","3842":"h","3843":"e","3844":" ","3845":"b","3846":"a","3847":"c","3848":"k","3849":"g","3850":"r","3851":"o","3852":"u","3853":"n","3854":"d","3855":" ","3856":"p","3857":"i","3858":"c","3859":"t","3860":"u","3861":"r","3862":"e","3863":"s","3864":"\\","3865":"n","3866":" ","3867":" ","3868":"c","3869":"o","3870":"n","3871":"s","3872":"t","3873":" ","3874":"b","3875":"a","3876":"c","3877":"k","3878":"g","3879":"r","3880":"o","3881":"u","3882":"n","3883":"d","3884":"S","3885":"t","3886":"y","3887":"l","3888":"e","3889":" ","3890":"=","3891":" ","3892":"c","3893":"o","3894":"m","3895":"p","3896":"u","3897":"t","3898":"e","3899":"d","3900":"(","3901":"(","3902":")","3903":" ","3904":"=","3905":">","3906":" ","3907":"{","390
[...]
,"/Users/alvaaxelsson/project/League-of-legends-2/graphics/src/graph_traverse_return.ts": {"path":"/Users/alvaaxelsson/project/League-of-legends-2/graphics/src/graph_traverse_return.ts","statementMap":{"0":{"start":{"line":35,"column":0},"end":{"line":35,"column":16}},"1":{"start":{"line":1,"column":0},"end":{"line":1,"column":null}},"2":{"start":{"line":36,"column":22},"end":{"line":36,"column":49}},"3":{"start":{"line":38,"column":4},"end":{"line":45,"column":5}},"4":{"start":{"line":39,"column":8},"end":{"line":44,"column":10}},"5":{"start":{"line":46,"column":21},"end":{"line":46,"column":58}},"6":{"start":{"line":47,"column":4},"end":{"line":52,"column":6}}},"fnMap":{"0":{"name":"vue_game","decl":{"start":{"line":35,"column":16},"end":{"line":35,"column":24}},"loc":{"start":{"line":35,"column":74},"end":{"line":53,"column":1}}}},"branchMap":{"0":{"loc":{"start":{"line":38,"column":4},"end":{"line":45,"column":5}},"type":"if","locations":[{"start":{"line":38,"column":4},"end":{"line":45,"column":5}}]},"1":{"loc":{"start":{"line":38,"column":8},"end":{"line":38,"column":40}},"type":"binary-expr","locations":[{"start":{"line":38,"column":8},"end":{"line":38,"column":18}},{"start":{"line":38,"column":22},"end":{"line":38,"column":40}}]},"2":{"loc":{"start":{"line":42,"column":19},"end":{"line":42,"column":48}},"type":"binary-expr","locations":[{"start":{"line":42,"column":19},"end":{"line":42,"column":42}},{"start":{"line":42,"column":46},"end":{"line":42,"column":48}}]},"3":{"loc":{"start":{"line":43,"column":19},"end":{"line":43,"column":49}},"type":"binary-expr","locations":[{"start":{"line":43,"column":19},"end":{"line":43,"column":43}},{"start":{"line":43,"column":47},"end":{"line":43,"column":49}}]},"4":{"loc":{"start":{"line":49,"column":25},"end":{"line":49,"column":56}},"type":"binary-expr","locations":[{"start":{"line":49,"column":25},"end":{"line":49,"column":50}},{"start":{"line":49,"column":54},"end":{"line":49,"column":56}}]},"5":{"loc":{"start":{"line":50,"column":15},"end":{"line":50,"column":44}},"type":"binary-expr","locations":[{"start":{"line":50,"column":15},"end":{"line":50,"column":38}},{"start":{"line":50,"column":42},"end":{"line":50,"column":44}}]},"6":{"loc":{"start":{"line":51,"column":15},"end":{"line":51,"column":45}},"type":"binary-expr","locations":[{"start":{"line":51,"column":15},"end":{"line":51,"column":39}},{"start":{"line":51,"column":43},"end":{"line":51,"column":45}}]}},"s":{"0":1,"1":1,"2":13,"3":13,"4":0,"5":13,"6":13},"f":{"0":13},"b":{"0":[0],"1":[13,13],"2":[0,0],"3":[0,0],"4":[13,0],"5":[13,0],"6":[13,1]}}
,"/Users/alvaaxelsson/project/League-of-legends-2/graphics/src/soundeffects-2.ts": {"path":"/Users/alvaaxelsson/project/League-of-legends-2/graphics/src/soundeffects-2.ts","statementMap":{"0":{"start":{"line":6,"column":0},"end":{"line":6,"column":16}},"1":{"start":{"line":13,"column":0},"end":{"line":13,"column":16}},"2":{"start":{"line":1,"column":0},"end":{"line":1,"column":34}},"3":{"start":{"line":3,"column":13},"end":{"line":3,"column":null}},"4":{"start":{"line":4,"column":13},"end":{"line":4,"column":null}},"5":{"start":{"line":7,"column":2},"end":{"line":10,"column":3}},"6":{"start":{"line":8,"column":4},"end":{"line":8,"column":36}},"7":{"start":{"line":9,"column":4},"end":{"line":9,"column":27}},"8":{"start":{"line":14,"column":4},"end":{"line":17,"column":3}},"9":{"start":{"line":15,"column":4},"end":{"line":15,"column":28}},"10":{"start":{"line":16,"column":4},"end":{"line":16,"column":36}}},"fnMap":{"0":{"name":"play_soundfile","decl":{"start":{"line":6,"column":16},"end":{"line":6,"column":30}},"loc":{"start":{"line":6,"column":70},"end":{"line":11,"column":1}}},"1":{"name":"pause_soundfile","decl":{"start":{"line":13,"column":16},"end":{"line":13,"column":31}},"loc":{"start":{"line":13,"column":71},"end":{"line":18,"column":1}}}},"branchMap":{"0":{"loc":{"start":{"line":7,"column":2},"end":{"line":10,"column":3}},"type":"if","locations":[{"start":{"line":7,"column":2},"end":{"line":10,"column":3}}]},"1":{"loc":{"start":{"line":14,"column":4},"end":{"line":17,"column":3}},"type":"if","locations":[{"start":{"line":14,"column":4},"end":{"line":17,"column":3}}]}},"s":{"0":1,"1":1,"2":1,"3":1,"4":1,"5":4,"6":4,"7":4,"8":4,"9":4,"10":4},"f":{"0":4,"1":4},"b":{"0":[4],"1":[4]}}
,"/Users/alvaaxelsson/project/League-of-legends-2/graphics/src/story.ts": {"path":"/Users/alvaaxelsson/project/League-of-legends-2/graphics/src/story.ts","statementMap":{"0":{"start":{"line":1,"column":0},"end":{"line":1,"column":null}},"1":{"start":{"line":10,"column":13},"end":{"line":35,"column":2}},"2":{"start":{"line":39,"column":13},"end":{"line":61,"column":2}},"3":{"start":{"line":63,"column":13},"end":{"line":85,"column":2}},"4":{"start":{"line":87,"column":13},"end":{"line":109,"column":2}},"5":{"start":{"line":112,"column":13},"end":{"line":117,"column":2}}},"fnMap":{},"branchMap":{},"s":{"0":1,"1":1,"2":1,"3":1,"4":1,"5":1},"f":{},"b":{}}
,"/Users/alvaaxelsson/project/League-of-legends-2/graphics/src/components/Cbutton.vue": {"path":"/Users/alvaaxelsson/project/League-of-legends-2/graphics/src/components/Cbutton.vue","statementMap":{"0":{"start":{"line":4,"column":0},"end":{"line":6,"column":3}},"1":{"start":{"line":7,"column":0},"end":{"line":7,"column":25}},"2":{"start":{"line":9,"column":15},"end":{"line":11,"column":1}},"3":{"start":{"line":12,"column":0},"end":{"line":12,"column":13}},"4":{"start":{"line":14,"column":0},"end":{"line":16,"column":3}},"5":{"start":{"line":17,"column":0},"end":{"line":17,"column":24}},"6":{"start":{"line":18,"column":11},"end":{"line":18,"column":25}},"7":{"start":{"line":19,"column":17},"end":{"line":21,"column":1}},"8":{"start":{"line":23,"column":2},"end":{"line":25,"column":140}},"9":{"start":{"line":26,"column":2},"end":{"line":26,"column":49}}},"fnMap":{"0":{"name":"render","decl":{"start":{"line":22,"column":9},"end":{"line":22,"column":15}},"loc":{"start":{"line":22,"column":30},"end":{"line":26,"column":1}},"line":22}},"branchMap":{},"s":{"0":1,"1":1,"2":1,"3":1,"4":1,"5":1,"6":1,"7":1,"8":23,"9":1},"f":{"0":23},"b":{},"inputSourceMap":{"0":"{","1":"\"","2":"v","3":"e","4":"r","5":"s","6":"i","7":"o","8":"n","9":"\"","10":":","11":"3","12":",","13":"\"","14":"s","15":"o","16":"u","17":"r","18":"c","19":"e","20":"s","21":"\"","22":":","23":"[","24":"\"","25":"/","26":"U","27":"s","28":"e","29":"r","30":"s","31":"/","32":"a","33":"l","34":"v","35":"a","36":"a","37":"x","38":"e","39":"l","40":"s","41":"s","42":"o","43":"n","44":"/","45":"p","46":"r","47":"o","48":"j","49":"e","50":"c","51":"t","52":"/","53":"L","54":"e","55":"a","56":"g","57":"u","58":"e","59":"-","60":"o","61":"f","62":"-","63":"l","64":"e","65":"g","66":"e","67":"n","68":"d","69":"s","70":"-","71":"2","72":"/","73":"g","74":"r","75":"a","76":"p","77":"h","78":"i","79":"c","80":"s","81":"/","82":"s","83":"r","84":"c","85":"/","86":"c","87":"o","88":"m","89":"p","90":"o","91":"n","92":"e","93":"n","94":"t","95":"s","96":"/","97":"C","98":"b","99":"u","100":"t","101":"t","102":"o","103":"n","104":".","105":"v","106":"u","107":"e","108":"\"","109":"]","110":",","111":"\"","112":"n","113":"a","114":"m","115":"e","116":"s","117":"\"","118":":","119":"[","120":"]","121":",","122":"\"","123":"m","124":"a","125":"p","126":"p","127":"i","128":"n","129":"g","130":"s","131":"\"","132":":","133":"\"","134":";","135":";","136":";","137":";","138":";","139":";","140":";","141":"A","142":"A","143":"S","144":"A","145":";","146":"A","147":"A","148":"A","149":"A","150":",","151":"i","152":"C","153":"A","154":"C","155":"e","156":";","157":"E","158":"A","159":"C","160":"b","161":",","162":"Y","163":"A","164":"A","165":"Y","166":",","167":"E","168":"A","169":"A","170":"E","171":";","172":"A","173":"A","174":"C","175":"h","176":"B","177":",","178":"C","179":"A","180":"A","181":"C","182":"\"","183":",","184":"\"","185":"f","186":"i","187":"l","188":"e","189":"\"","190":":","191":"\"","192":"/","193":"U","194":"s","195":"e","196":"r","197":"s","198":"/","199":"a","200":"l","201":"v","202":"a","203":"a","204":"x","205":"e","206":"l","207":"s","208":"s","209":"o","210":"n","211":"/","212":"p","213":"r","214":"o","215":"j","216":"e","217":"c","218":"t","219":"/","220":"L","221":"e","222":"a","223":"g","224":"u","225":"e","226":"-","227":"o","228":"f","229":"-","230":"l","231":"e","232":"g","233":"e","234":"n","235":"d","236":"s","237":"-","238":"2","239":"/","240":"g","241":"r","242":"a","243":"p","244":"h","245":"i","246":"c","247":"s","248":"/","249":"s","250":"r","251":"c","252":"/","253":"c","254":"o","255":"m","256":"p","257":"o","258":"n","259":"e","260":"n","261":"t","262":"s","263":"/","264":"C","265":"b","266":"u","267":"t","268":"t","269":"o","270":"n","271":".","272":"v","273":"u","274":"e","275":"\"","276":",","277":"\"","278":"s","279":"o","280":"u","281":"r","282":"c","283":"e","284":"s","285":"C","286":"o","287":"n","288":"t","289":"e","290":"n","291":"t","292":"\"","293":":","294":"[","295":"\"","296":"<","297":"t","298":"e","299":"m","300":"p","301":"l","302":"a","303":"t","304":"e","305":">","306":"\\","307":"n","308":" ","309":" ","310":"<","311":"b","312":"u","313":"t","314":"t","315":"o","316":"n","317":" ","318":"c","319":"l","320":"a","321":"s","322":"s","323":"=","324":"\\","325":"\"","326":"h","327":"e","328":"x","329":"t","330":"e","331":"c","332":"h","333":"-","334":"b","335":"u","336":"t","337":"t","338":"o","339":"n","340":"\\","341":"\"","342":" ","343":"v","344":"-","345":"b","346":"i","347":"n","348":"d","349":"=","350":"\\","351":"\"","352":"$","353":"a","354":"t","355":"t","356":"r","357":"s","358":"\\","359":"\"","360":">","361":"\\","362":"n","363":" ","364":" ","365":" ","366":" ","367":"<","368":"s","369":"p","370":"a","371":"n","372":" ","373":"c","374":"l","375":"a","376":"s","377":"s","378":"=","379":"\\","380":"\"","381":"b","382":"u","383":"t","384":"t","385":"o","386":"n","387":"-","388":"c","389":"o","390":"n","391":"t","392":"e","393":"n","394":"t","395":"\\","396":"\"","397":">","398":"\\","399":"n","400":" ","401":" ","402":" ","403":" ","404":" ","405":" ","406":"<","407":"s","408":"l","409":"o","410":"t","411":">","412":"<","413":"/","414":"s","415":"l","416":"o","417":"t","418":">","419":"\\","420":"n","421":" ","422":" ","423":" ","424":" ","425":"<","426":"/","427":"s","428":"p","429":"a","430":"n","431":">","432":"\\","433":"n","434":" ","435":" ","436":"<","437":"/","438":"b","439":"u","440":"t","441":"t","442":"o","443":"n","444":">","445":"\\","446":"n","447":"<","448":"/","449":"t","450":"e","451":"m","452":"p","453":"l","454":"a","455":"t","456":"e","457":">","458":"\\","459":"n","460":"\\","461":"n","462":"<","463":"s","464":"c","465":"r","466":"i","467":"p","468":"t","469":">","470":"\\","471":"n","472":"/","473":"/","474":" ","475":"T","476":"h","477":"i","478":"s","479":" ","480":"e","481":"n","482":"s","483":"u","484":"r","485":"e","486":"s","487":" ","488":"t","489":"h","490":"e","491":" ","492":"c","493":"l","494":"i","495":"c","496":"k","497":" ","498":"d","499":"o","500":"e","501":"s","502":"n","503":"'","504":"t","505":" ","506":"g","507":"e","508":"t","509":" ","510":"a","511":"p","512":"p","513":"l","514":"i","515":"e","516":"d","517":" ","518":"t","519":"o","520":" ","521":"a","522":" ","523":"r","524":"a","525":"n","526":"d","527":"o","528":"m","529":" ","530":"d","531":"i","532":"v","533":"\\","534":"n","535":"e","536":"x","537":"p","538":"o","539":"r","540":"t","541":" ","542":"d","543":"e","544":"f","545":"a","546":"u","547":"l","548":"t","549":" ","550":"{","551":"\\","552":"n","553":" ","554":" ","555":"i","556":"n","557":"h","558":"e","559":"r","560":"i","561":"t","562":"A","563":"t","564":"t","565":"r","566":"s","567":":","568":" ","569":"f","570":"a","571":"l","572":"s","573":"e","574":"\\","575":"n","576":"}","577":"\\","578":"n","579":"<","580":"/","581":"s","582":"c","583":"r","584":"i","585":"p","586":"t","587":">","588":"\\","589":"n","590":"\\","591":"n","592":"<","593":"s","594":"t","595":"y","596":"l","597":"e","598":" ","599":"s","600":"c","601":"o","602":"p","603":"e","604":"d","605":">","606":"\\","607":"n","608":"/","609":"*","610":" ","611":"Y","612":"o","613":"u","614":"r","615":" ","616":"e","617":"x","618":"i","619":"s","620":"t","621":"i","622":"n","623":"g","624":" ","625":"s","626":"t","627":"y","628":"l","629":"e","630":"s","631":" ","632":"a","633":"r","634":"e","635":" ","636":"p","637":"e","638":"r","639":"f","640":"e","641":"c","642":"t","643":",","644":" ","645":"k","646":"e","647":"e","648":"p","649":" ","650":"t","651":"h","652":"e","653":"m","654":"!","655":" ","656":"*","657":"/","658":"\\","659":"n","660":"/","661":"*","662":" ","663":"I","664":"n","665":"s","666":"i","667":"d","668":"e","669":" ","670":"C","671":"b","672":"u","673":"t","674":"t","675":"o","676":"n","677":".","678":"v","679":"u","680":"e","681":" ","682":"<","683":"s","684":"t","685":"y","686":"l","687":"e","688":" ","689":"s","690":"c","691":"o","692":"p","693":"e","694":"d","695":">","696":" ","697":"*","698":"/","699":"\\","700":"n","701":".","702":"h","703":"e","704":"x","705":"t","706":"e","707":"c","708":"h","709":"-","710":"b","711":"u","712":"t","713":"t","714":"o","715":"n","716":" ","717":"{","718":"\\","719":"n","720":" ","721":" ","722":"z","723":"-","724":"i","725":"n","726":"d","727":"e","728":"x","729":":","730":" ","731":"1","732":"0","733":";","734":"\\","735":"n","736":" ","737":" ","738":"b","739":"a","740":"c","741":"k","742":"g","743":"r","744":"o","745":"u","746":"n","747":"d","748":":","749":" ","750":"r","751":"g","752":"b","753":"a","754":"(","755":"4","756":"5","757":",","758":" ","759":"3","760":"6","761":",","762":" ","763":"2","764":"5","765":",","766":" ","767":"0","768":".","769":"4","770":")","771":";","772":" ","773":"/","774":"*","775":" ","776":"D","777":"a","778":"r","779":"k","780":" ","781":"s","782":"e","783":"e","784":"-","785":"t","786":"h","787":"r","788":"o","789":"u","790":"g","791":"h","792":" ","793":"c","794":"e","795":"n","796":"t","797":"e","798":"r","799":" ","800":"*","801":"/","802":"\\","803":"n","804":" ","805":" ","806":"b","807":"o","808":"r","809":"d","810":"e","811":"r","812":":","813":" ","814":"2","815":"p","816":"x","817":" ","818":"s","819":"o","820":"l","821":"i","822":"d","823":" ","824":"#","825":"8","826":"B","827":"7","828":"3","829":"5","830":"5","831":";","832":" ","833":"/","834":"*","835":" ","836":"D","837":"a","838":"r","839":"k","840":" ","841":"B","842":"u","843":"r","844":"l","845":"y","846":"W","847":"o","848":"o","849":"d","850":" ","851":"b","852":"o","853":"r","854":"d","855":"e","856":"r","857":" ","858":"*","859":"/","860":"\\","861":"n","862":" ","863":" ","864":"c","865":"o","866":"l","867":"o","868":"r","869":":","870":" ","871":"#","872":"8","873":"B","874":"7","875":"3","876":"5","877":"5","878":";","879":"\\","880":"n","881":" ","882":" ","883":"b","884":"o","885":"r","886":"d","887":"e","888":"r","889":"-","890":"r","891":"a","892":"d","893":"i","894":"u","895":"s","896":":","897":" ","898":"4","899":"p","900":"x","901":";","902":"\\","903":"n","904":" ","905":" ","906":"f","907":"o","908":"n","909":"t","910":"-","911":"w","912":"e","913":"i","914":"g","915":"h","916":"t","917":":","918":" ","919":"7","920":"0","921":"0","922":";","923":"\\","924":"n","925":" ","926":" ","927":"t","928":"e","929":"x","930":"t","931":"-","932":"t","933":"r","934":"a","935":"n","936":"s","937":"f","938":"o","939":"r","940":"m","941":":","942":" ","943":"u","944":"p","945":"p","946":"e","947":"r","948":"c","949":"a","950":"s","951":"e","952":";","953":"\\","954":"n","955":" ","956":" ","957":"l","958":"e","959":"t","960":"t","961":"e","962":"r","963":"-","964":"s","965":"p","966":"a","967":"c","968":"i","969":"n","970":"g","971":":","972":" ","973":"2","974":"p","975":"x","976":";","977":"\\","978":"n","979":" ","980":" ","981":"t","982":"r","983":"a","984":"n","985":"s","986":"i","987":"t","988":"i","989":"o","990":"n","991":":","992":" ","993":"a","994":"l","995":"l","996":" ","997":"0","998":".","999":"2","1000":"5","1001":"s","1002":" ","1003":"e","1004":"a","1005":"s","1006":"e","1007":"-","1008":"i","1009":"n","1010":"-","1011":"o","1012":"u","1013":"t","1014":";","1015":"\\","1016":"n","1017":"}","1018":"\\","1019":"n","1020":"\\","1021":"n","1022":".","1023":"h","1024":"e","1025":"x","1026":"t","1027":"e","1028":"c","1029":"h","1030":"-","1031":"b","1032":"u","1033":"t","1034":"t","1035":"o","1036":"n","1037":":","1038":"h","1039":"o","1040":"v","1041":"e","1042":"r","1043":" ","1044":"{","1045":"\\","1046":"n","1047":" ","1048":" ","1049":"b","1050":"a","1051":"c","1052":"k","1053":"g","1054":"r","1055":"o","1056":"u","1057":"n","1058":"d","1059":":","1060":" ","1061":"#","1062":"8","1063":"B","1064":"7","1065":"3","1066":"5","1067":"5","1068":";","1069":" ","1070":"/","1071":"*","1072":" ","1073":"F","1074":"i","1075":"l","1076":"l","1077":"s","1078":" ","1079":"w","1080":"i","1081":"t","1082":"h","1083":" ","1084":"D","1085":"a","1086":"r","1087":"k","1088":" ","1089":"B","1090":"u","1091":"r","1092":"l","1093":"y","1094":"W","1095":"o","1096":"o","1097":"d","1098":" ","1099":"*","1100":"/","1101":"\\","1102":"n","1103":" ","1104":" ","1105":"c","1106":"o","1107":"l","1108":"o","1109":"r","1110":":","1111":" ","1112":"#","1113":"1","1114":"a","1115":"1","1116":"6","1117":"1","1118":"2","1119":";","1120":" ","1121":" ","1122":" ","1123":" ","1124":" ","1125":" ","1126":"/","1127":"*","1128":" ","1129":"C","1130":"o","1131":"n","1132":"t","1133":"r","1134":"a","1135":"s","1136":"t","1137":" ","1138":"t","1139":"e","1140":"x","1141":"t","1142":" ","1143":"*","1144":"/","1145":"\\","1146":"n","1147":" ","1148":" ","1149":"b","1150":"o","1151":"x","1152":"-","1153":"s","1154":"h","1155":"a","1156":"d","1157":"o","1158":"w","1159":":","1160":" ","1161":"0","1162":" ","1163":"0","1164":" ","1165":"1","1166":"5","1167":"p","1168":"x","1169":" ","1170":"r","1171":"g","1172":"b","1173":"a","1174":"(","1175":"1","1176":"3","1177":"9","1178":",","1179":" ","1180":"1","1181":"1","1182":"5","1183":",","1184":" ","1185":"8","1186":"5","1187":",","1188":" ","1189":"0","1190":".","1191":"5","1192":")","1193":";","1194":"\\","1195":"n","1196":" ","1197":" ","1198":"t","1199":"r","1200":"a","1201":"n","1202":"s","1203":"f","1204":"o","1205":"r","1206":"m","1207":":","1208":" ","1209":"s","1210":"c","1211":"a","1212":"l","1213":"e","1214":"(","1215":"1","1216":".","1217":"0","1218":"2","1219":")","1220":";","1221":" ","1222":"/","1223":"*","1224":" ","1225":"S","1226":"u","1227":"b","1228":"t","1229":"l","1230":"e","1231":" ","1232":"p","1233":"o","1234":"p","1235":" ","1236":"f","1237":"o","1238":"r","1239":"w","1240":"a","1241":"r","1242":"d","1243":" ","1244":"*","1245":"/","1246":"\\","1247":"n","1248":"}","1249":"\\","1250":"n","1251":"<","1252":"/","1253":"s","1254":"t","1255":"y","1256":"l","1257":"e","1258":">","1259":"\"","1260":"]","1261":"}"},"_coverageSchema":"1a1c01bbd47fc00a2c39e90264f33305004495a9","hash":"19ce70bc61ec40273976fbb0067031655e9c4c34"}
}
