TN:
SF:lib/list.ts
FN:27,pair
FN:37,head
FN:47,tail
FN:57,is_null
FN:69,list
FN:84,empty_list
FN:95,to_string
FN:96,print
FN:117,length
FN:118,$length
FN:134,map
FN:135,$map
FN:152,build_list
FN:153,$build_list
FN:171,for_each
FN:186,reverse
FN:187,$reverse
FN:204,append
FN:205,$append
FN:209,(anonymous_19)
FN:211,(anonymous_20)
FN:224,member
FN:242,remove
FN:243,$remove
FN:265,remove_all
FN:266,$remove_all
FN:289,filter
FN:290,$filter
FN:309,all
FN:321,enum_list
FN:322,$enum_list
FN:342,list_ref
FN:364,accumulate
FN:366,$accumulate
FN:371,(anonymous_34)
FN:373,(anonymous_35)
FN:391,fold_left
FN:406,flatten
FNF:38
FNH:6
FNDA:38,pair
FNDA:13,head
FNDA:8,tail
FNDA:21,is_null
FNDA:21,list
FNDA:0,empty_list
FNDA:0,to_string
FNDA:0,print
FNDA:0,length
FNDA:0,$length
FNDA:0,map
FNDA:0,$map
FNDA:0,build_list
FNDA:0,$build_list
FNDA:0,for_each
FNDA:0,reverse
FNDA:0,$reverse
FNDA:0,append
FNDA:0,$append
FNDA:0,(anonymous_19)
FNDA:0,(anonymous_20)
FNDA:0,member
FNDA:0,remove
FNDA:0,$remove
FNDA:0,remove_all
FNDA:0,$remove_all
FNDA:0,filter
FNDA:0,$filter
FNDA:0,all
FNDA:0,enum_list
FNDA:0,$enum_list
FNDA:21,list_ref
FNDA:0,accumulate
FNDA:0,$accumulate
FNDA:0,(anonymous_34)
FNDA:0,(anonymous_35)
FNDA:0,fold_left
FNDA:0,flatten
DA:27,1
DA:28,38
DA:37,1
DA:38,13
DA:47,1
DA:48,8
DA:57,1
DA:58,21
DA:69,1
DA:70,21
DA:71,21
DA:72,38
DA:74,21
DA:85,0
DA:95,1
DA:97,0
DA:98,0
DA:102,0
DA:103,0
DA:105,0
DA:117,1
DA:119,0
DA:121,0
DA:134,1
DA:136,0
DA:140,0
DA:152,1
DA:155,0
DA:159,0
DA:171,1
DA:172,0
DA:173,0
DA:174,0
DA:186,1
DA:188,0
DA:192,0
DA:204,1
DA:207,0
DA:209,0
DA:211,0
DA:224,1
DA:225,0
DA:242,1
DA:245,0
DA:246,0
DA:247,0
DA:253,0
DA:265,1
DA:268,0
DA:269,0
DA:270,0
DA:276,0
DA:289,1
DA:292,0
DA:298,0
DA:309,1
DA:310,0
DA:321,1
DA:324,0
DA:325,0
DA:329,0
DA:342,1
DA:343,21
DA:364,1
DA:369,0
DA:371,0
DA:373,0
DA:391,1
DA:394,0
DA:406,1
DA:407,0
LF:71
LH:31
BRDA:98,0,0,0
BRDA:98,0,1,0
BRDA:102,1,0,0
BRDA:102,1,1,0
BRDA:119,2,0,0
BRDA:119,2,1,0
BRDA:136,3,0,0
BRDA:136,3,1,0
BRDA:155,4,0,0
BRDA:155,4,1,0
BRDA:188,5,0,0
BRDA:188,5,1,0
BRDA:207,6,0,0
BRDA:207,6,1,0
BRDA:225,7,0,0
BRDA:225,7,1,0
BRDA:227,8,0,0
BRDA:227,8,1,0
BRDA:247,9,0,0
BRDA:247,9,1,0
BRDA:249,10,0,0
BRDA:249,10,1,0
BRDA:270,11,0,0
BRDA:270,11,1,0
BRDA:272,12,0,0
BRDA:272,12,1,0
BRDA:292,13,0,0
BRDA:292,13,1,0
BRDA:294,14,0,0
BRDA:294,14,1,0
BRDA:310,15,0,0
BRDA:310,15,1,0
BRDA:310,16,0,0
BRDA:310,16,1,0
BRDA:325,17,0,0
BRDA:325,17,1,0
BRDA:343,18,0,0
BRDA:343,18,1,21
BRDA:345,19,0,13
BRDA:345,19,1,8
BRDA:369,20,0,0
BRDA:369,20,1,0
BRDA:394,21,0,0
BRDA:394,21,1,0
BRF:44
BRH:3
end_of_record
TN:
SF:src/App.vue
FN:26,(anonymous_0)
FN:73,(anonymous_1)
FN:94,(anonymous_2)
FN:108,(anonymous_3)
FN:114,(anonymous_4)
FN:122,(anonymous_5)
FN:145,(anonymous_6)
FN:176,(anonymous_7)
FN:239,(anonymous_8)
FN:242,(anonymous_9)
FN:266,(anonymous_10)
FN:271,(anonymous_11)
FN:276,(anonymous_12)
FN:281,(anonymous_13)
FN:286,(anonymous_14)
FN:291,(anonymous_15)
FN:316,_toConsumableArray
FN:317,_nonIterableSpread
FN:318,_unsupportedIterableToArray
FN:319,_iterableToArray
FN:320,_arrayWithoutHoles
FN:321,_arrayLikeToArray
FN:362,render
FN:372,(anonymous_23)
FN:379,(anonymous_24)
FN:383,(anonymous_25)
FN:388,onClick
FN:392,(anonymous_27)
FN:400,(anonymous_28)
FNF:29
FNH:16
FNDA:3,(anonymous_0)
FNDA:1,(anonymous_1)
FNDA:4,(anonymous_2)
FNDA:2,(anonymous_3)
FNDA:0,(anonymous_4)
FNDA:0,(anonymous_5)
FNDA:3,(anonymous_6)
FNDA:68,(anonymous_7)
FNDA:0,(anonymous_8)
FNDA:0,(anonymous_9)
FNDA:0,(anonymous_10)
FNDA:0,(anonymous_11)
FNDA:219,(anonymous_12)
FNDA:219,(anonymous_13)
FNDA:0,(anonymous_14)
FNDA:0,(anonymous_15)
FNDA:5,_toConsumableArray
FNDA:0,_nonIterableSpread
FNDA:0,_unsupportedIterableToArray
FNDA:0,_iterableToArray
FNDA:5,_arrayWithoutHoles
FNDA:5,_arrayLikeToArray
FNDA:73,render
FNDA:3,(anonymous_23)
FNDA:2,(anonymous_24)
FNDA:18,(anonymous_25)
FNDA:0,onClick
FNDA:18,(anonymous_27)
FNDA:0,(anonymous_28)
DA:4,1
DA:7,1
DA:24,1
DA:29,3
DA:32,3
DA:37,3
DA:44,3
DA:51,3
DA:58,3
DA:65,3
DA:70,3
DA:73,3
DA:84,1
DA:90,3
DA:96,4
DA:97,4
DA:108,3
DA:109,2
DA:110,2
DA:114,3
DA:115,0
DA:116,0
DA:117,0
DA:118,0
DA:122,3
DA:135,0
DA:140,0
DA:141,0
DA:145,3
DA:146,3
DA:147,1
DA:148,1
DA:160,3
DA:161,0
DA:162,0
DA:164,3
DA:165,3
DA:176,3
DA:177,68
DA:178,67
DA:179,67
DA:181,1
DA:182,1
DA:232,3
DA:240,0
DA:243,0
DA:267,0
DA:272,0
DA:277,219
DA:282,219
DA:287,0
DA:292,0
DA:302,3
DA:306,3
DA:311,1
DA:314,1
DA:315,1
DA:316,5
DA:317,0
DA:318,0
DA:319,0
DA:320,5
DA:321,5
DA:322,1
DA:326,1
DA:330,1
DA:333,1
DA:337,1
DA:341,1
DA:344,1
DA:347,1
DA:351,1
DA:354,1
DA:358,1
DA:364,73
DA:373,3
DA:380,2
DA:384,18
DA:389,0
DA:393,18
DA:401,0
DA:405,1
LF:82
LH:62
BRDA:146,0,0,1
BRDA:146,0,1,2
BRDA:160,1,0,0
BRDA:160,1,1,3
BRDA:160,2,0,3
BRDA:160,2,1,3
BRDA:177,3,0,67
BRDA:177,3,1,1
BRDA:316,4,0,5
BRDA:316,4,1,0
BRDA:316,4,2,0
BRDA:316,4,3,0
BRDA:318,5,0,0
BRDA:318,5,1,0
BRDA:318,6,0,0
BRDA:318,6,1,0
BRDA:318,7,0,0
BRDA:318,7,1,0
BRDA:318,7,2,0
BRDA:318,8,0,0
BRDA:318,8,1,0
BRDA:318,9,0,0
BRDA:318,9,1,0
BRDA:318,10,0,0
BRDA:318,10,1,0
BRDA:318,11,0,0
BRDA:318,11,1,0
BRDA:319,12,0,0
BRDA:319,12,1,0
BRDA:319,13,0,0
BRDA:319,13,1,0
BRDA:319,13,2,0
BRDA:320,14,0,5
BRDA:320,14,1,0
BRDA:321,15,0,5
BRDA:321,15,1,0
BRDA:321,15,2,5
BRDA:367,16,0,73
BRDA:367,16,1,3
BRDA:369,17,0,3
BRDA:369,17,1,70
BRDA:369,18,0,3
BRDA:369,18,1,3
BRDA:373,19,0,3
BRDA:373,19,1,3
BRDA:376,20,0,64
BRDA:376,20,1,6
BRDA:380,21,0,2
BRDA:380,21,1,2
BRDA:383,22,0,6
BRDA:383,22,1,0
BRDA:383,23,0,0
BRDA:383,23,1,6
BRDA:383,24,0,6
BRDA:383,24,1,6
BRDA:401,25,0,0
BRDA:401,25,1,0
BRF:57
BRH:27
end_of_record
TN:
SF:src/graph_traverse_return.ts
FN:35,vue_game
FNF:1
FNH:1
FNDA:13,vue_game
DA:1,1
DA:35,1
DA:36,13
DA:38,13
DA:39,0
DA:46,13
DA:47,13
LF:7
LH:6
BRDA:38,0,0,0
BRDA:38,1,0,13
BRDA:38,1,1,13
BRDA:42,2,0,0
BRDA:42,2,1,0
BRDA:43,3,0,0
BRDA:43,3,1,0
BRDA:49,4,0,13
BRDA:49,4,1,0
BRDA:50,5,0,13
BRDA:50,5,1,0
BRDA:51,6,0,13
BRDA:51,6,1,1
BRF:13
BRH:6
end_of_record
TN:
SF:src/soundeffects-2.ts
FN:6,play_soundfile
FN:13,pause_soundfile
FNF:2
FNH:2
FNDA:4,play_soundfile
FNDA:4,pause_soundfile
DA:1,1
DA:3,1
DA:4,1
DA:6,1
DA:7,4
DA:8,4
DA:9,4
DA:13,1
DA:14,4
DA:15,4
DA:16,4
LF:11
LH:11
BRDA:7,0,0,4
BRDA:14,1,0,4
BRF:2
BRH:2
end_of_record
TN:
SF:src/story.ts
FNF:0
FNH:0
DA:1,1
DA:10,1
DA:39,1
DA:63,1
DA:87,1
DA:112,1
LF:6
LH:6
BRF:0
BRH:0
end_of_record
TN:
SF:src/components/Cbutton.vue
FN:22,render
FNF:1
FNH:1
FNDA:23,render
DA:4,1
DA:7,1
DA:9,1
DA:12,1
DA:14,1
DA:17,1
DA:18,1
DA:19,1
DA:23,23
DA:26,1
LF:10
LH:10
BRF:0
BRH:0
end_of_record
